{"/home/travis/build/npmtest/node-npmtest-mustache/test.js":{"path":"/home/travis/build/npmtest/node-npmtest-mustache/test.js","s":{"1":2,"2":2,"3":2,"4":2,"5":2,"6":2,"7":2,"8":1,"9":2,"10":2,"11":1,"12":1,"13":1,"14":1,"15":2,"16":2,"17":2,"18":2,"19":1,"20":1,"21":2,"22":2,"23":2,"24":1,"25":1,"26":1,"27":1,"28":1,"29":1,"30":1,"31":1,"32":1,"33":1,"34":1,"35":1,"36":1,"37":1,"38":1,"39":2,"40":2,"41":1,"42":2,"43":2,"44":1,"45":2,"46":2,"47":1,"48":2,"49":2,"50":1,"51":1,"52":1,"53":1,"54":1},"b":{"1":[2,1,1,1],"2":[1,1,1,1],"3":[1,1],"4":[1,1],"5":[1,1],"6":[1,1],"7":[1,1],"8":[1,1],"9":[1,1],"10":[1,1,1],"11":[1,1],"12":[1,1],"13":[1,1],"14":[1,1],"15":[1,1],"16":[1,1],"17":[1,1]},"f":{"1":2,"2":2,"3":2,"4":2,"5":2,"6":1,"7":1,"8":1,"9":2,"10":2,"11":2,"12":2,"13":1},"fnMap":{"1":{"name":"(anonymous_1)","line":12,"loc":{"start":{"line":12,"column":1},"end":{"line":12,"column":13}}},"2":{"name":"(anonymous_2)","line":19,"loc":{"start":{"line":19,"column":5},"end":{"line":19,"column":17}}},"3":{"name":"(anonymous_3)","line":23,"loc":{"start":{"line":23,"column":24},"end":{"line":23,"column":36}}},"4":{"name":"(anonymous_4)","line":61,"loc":{"start":{"line":61,"column":5},"end":{"line":61,"column":17}}},"5":{"name":"(anonymous_5)","line":82,"loc":{"start":{"line":82,"column":5},"end":{"line":82,"column":17}}},"6":{"name":"(anonymous_6)","line":91,"loc":{"start":{"line":91,"column":77},"end":{"line":94,"column":10}}},"7":{"name":"(anonymous_7)","line":112,"loc":{"start":{"line":112,"column":83},"end":{"line":115,"column":10}},"skip":true},"8":{"name":"(anonymous_8)","line":123,"loc":{"start":{"line":123,"column":77},"end":{"line":126,"column":10}},"skip":true},"9":{"name":"(anonymous_9)","line":139,"loc":{"start":{"line":139,"column":12},"end":{"line":139,"column":40}},"skip":true},"10":{"name":"(anonymous_10)","line":147,"loc":{"start":{"line":147,"column":77},"end":{"line":150,"column":10}},"skip":true},"11":{"name":"(anonymous_11)","line":158,"loc":{"start":{"line":158,"column":83},"end":{"line":161,"column":10}},"skip":true},"12":{"name":"(anonymous_12)","line":169,"loc":{"start":{"line":169,"column":79},"end":{"line":172,"column":10}},"skip":true},"13":{"name":"(anonymous_13)","line":180,"loc":{"start":{"line":180,"column":75},"end":{"line":183,"column":10}},"skip":true}},"statementMap":{"1":{"start":{"line":12,"column":0},"end":{"line":195,"column":5}},"2":{"start":{"line":14,"column":4},"end":{"line":14,"column":14}},"3":{"start":{"line":19,"column":4},"end":{"line":56,"column":9}},"4":{"start":{"line":21,"column":8},"end":{"line":21,"column":19}},"5":{"start":{"line":23,"column":8},"end":{"line":35,"column":13}},"6":{"start":{"line":24,"column":12},"end":{"line":34,"column":13}},"7":{"start":{"line":25,"column":16},"end":{"line":28,"column":30}},"8":{"start":{"line":30,"column":16},"end":{"line":33,"column":27}},"9":{"start":{"line":37,"column":8},"end":{"line":39,"column":21}},"10":{"start":{"line":40,"column":8},"end":{"line":53,"column":9}},"11":{"start":{"line":43,"column":12},"end":{"line":46,"column":14}},"12":{"start":{"line":47,"column":12},"end":{"line":47,"column":18}},"13":{"start":{"line":50,"column":12},"end":{"line":51,"column":46}},"14":{"start":{"line":52,"column":12},"end":{"line":52,"column":18}},"15":{"start":{"line":55,"column":8},"end":{"line":55,"column":35}},"16":{"start":{"line":61,"column":4},"end":{"line":63,"column":9}},"17":{"start":{"line":62,"column":8},"end":{"line":62,"column":15}},"18":{"start":{"line":64,"column":4},"end":{"line":77,"column":5}},"19":{"start":{"line":70,"column":8},"end":{"line":70,"column":14}},"20":{"start":{"line":76,"column":8},"end":{"line":76,"column":14}},"21":{"start":{"line":82,"column":4},"end":{"line":84,"column":9}},"22":{"start":{"line":83,"column":8},"end":{"line":83,"column":15}},"23":{"start":{"line":85,"column":4},"end":{"line":194,"column":5}},"24":{"start":{"line":91,"column":8},"end":{"line":99,"column":10}},"25":{"start":{"line":98,"column":12},"end":{"line":98,"column":35}},"26":{"start":{"line":102,"column":8},"end":{"line":104,"column":63}},"27":{"start":{"line":105,"column":8},"end":{"line":105,"column":14}},"28":{"start":{"line":112,"column":8},"end":{"line":121,"column":10},"skip":true},"29":{"start":{"line":119,"column":12},"end":{"line":119,"column":55},"skip":true},"30":{"start":{"line":120,"column":12},"end":{"line":120,"column":48},"skip":true},"31":{"start":{"line":123,"column":8},"end":{"line":136,"column":10},"skip":true},"32":{"start":{"line":130,"column":12},"end":{"line":130,"column":76},"skip":true},"33":{"start":{"line":131,"column":12},"end":{"line":131,"column":73},"skip":true},"34":{"start":{"line":132,"column":12},"end":{"line":132,"column":74},"skip":true},"35":{"start":{"line":133,"column":12},"end":{"line":133,"column":79},"skip":true},"36":{"start":{"line":134,"column":12},"end":{"line":134,"column":25},"skip":true},"37":{"start":{"line":135,"column":12},"end":{"line":135,"column":45},"skip":true},"38":{"start":{"line":138,"column":8},"end":{"line":145,"column":14},"skip":true},"39":{"start":{"line":143,"column":16},"end":{"line":143,"column":29},"skip":true},"40":{"start":{"line":144,"column":16},"end":{"line":144,"column":55},"skip":true},"41":{"start":{"line":147,"column":8},"end":{"line":156,"column":10},"skip":true},"42":{"start":{"line":154,"column":12},"end":{"line":154,"column":25},"skip":true},"43":{"start":{"line":155,"column":12},"end":{"line":155,"column":45},"skip":true},"44":{"start":{"line":158,"column":8},"end":{"line":167,"column":10},"skip":true},"45":{"start":{"line":165,"column":12},"end":{"line":165,"column":25},"skip":true},"46":{"start":{"line":166,"column":12},"end":{"line":166,"column":48},"skip":true},"47":{"start":{"line":169,"column":8},"end":{"line":178,"column":10},"skip":true},"48":{"start":{"line":176,"column":12},"end":{"line":176,"column":25},"skip":true},"49":{"start":{"line":177,"column":12},"end":{"line":177,"column":46},"skip":true},"50":{"start":{"line":180,"column":8},"end":{"line":189,"column":10},"skip":true},"51":{"start":{"line":187,"column":12},"end":{"line":187,"column":94},"skip":true},"52":{"start":{"line":188,"column":12},"end":{"line":188,"column":48},"skip":true},"53":{"start":{"line":192,"column":8},"end":{"line":192,"column":35},"skip":true},"54":{"start":{"line":193,"column":8},"end":{"line":193,"column":14},"skip":true}},"branchMap":{"1":{"line":25,"type":"binary-expr","locations":[{"start":{"line":25,"column":23},"end":{"line":25,"column":62}},{"start":{"line":26,"column":20},"end":{"line":26,"column":70}},{"start":{"line":27,"column":20},"end":{"line":27,"column":71}},{"start":{"line":28,"column":20},"end":{"line":28,"column":29}}]},"2":{"line":30,"type":"binary-expr","locations":[{"start":{"line":30,"column":23},"end":{"line":30,"column":37}},{"start":{"line":31,"column":20},"end":{"line":31,"column":61}},{"start":{"line":32,"column":20},"end":{"line":32,"column":70}},{"start":{"line":33,"column":20},"end":{"line":33,"column":26}}]},"3":{"line":37,"type":"cond-expr","locations":[{"start":{"line":38,"column":14},"end":{"line":38,"column":20}},{"start":{"line":39,"column":14},"end":{"line":39,"column":20}}]},"4":{"line":40,"type":"switch","locations":[{"start":{"line":42,"column":8},"end":{"line":47,"column":18}},{"start":{"line":49,"column":8},"end":{"line":52,"column":18}}]},"5":{"line":44,"type":"binary-expr","locations":[{"start":{"line":44,"column":16},"end":{"line":44,"column":44}},{"start":{"line":44,"column":48},"end":{"line":44,"column":66}}]},"6":{"line":50,"type":"binary-expr","locations":[{"start":{"line":50,"column":21},"end":{"line":50,"column":49}},{"start":{"line":50,"column":53},"end":{"line":50,"column":72}}]},"7":{"line":64,"type":"switch","locations":[{"start":{"line":69,"column":4},"end":{"line":70,"column":14}},{"start":{"line":75,"column":4},"end":{"line":76,"column":14}}]},"8":{"line":85,"type":"switch","locations":[{"start":{"line":90,"column":4},"end":{"line":105,"column":14}},{"start":{"line":111,"column":4},"end":{"line":193,"column":14},"skip":true}]},"9":{"line":91,"type":"binary-expr","locations":[{"start":{"line":91,"column":42},"end":{"line":91,"column":73}},{"start":{"line":91,"column":77},"end":{"line":99,"column":9}}]},"10":{"line":102,"type":"binary-expr","locations":[{"start":{"line":102,"column":18},"end":{"line":102,"column":32}},{"start":{"line":103,"column":12},"end":{"line":103,"column":53}},{"start":{"line":104,"column":12},"end":{"line":104,"column":61}}]},"11":{"line":112,"type":"binary-expr","locations":[{"start":{"line":112,"column":45},"end":{"line":112,"column":79},"skip":true},{"start":{"line":112,"column":83},"end":{"line":121,"column":9},"skip":true}]},"12":{"line":123,"type":"binary-expr","locations":[{"start":{"line":123,"column":42},"end":{"line":123,"column":73},"skip":true},{"start":{"line":123,"column":77},"end":{"line":136,"column":9},"skip":true}]},"13":{"line":138,"type":"binary-expr","locations":[{"start":{"line":138,"column":48},"end":{"line":138,"column":85},"skip":true},{"start":{"line":139,"column":12},"end":{"line":145,"column":13},"skip":true}]},"14":{"line":147,"type":"binary-expr","locations":[{"start":{"line":147,"column":42},"end":{"line":147,"column":73},"skip":true},{"start":{"line":147,"column":77},"end":{"line":156,"column":9},"skip":true}]},"15":{"line":158,"type":"binary-expr","locations":[{"start":{"line":158,"column":45},"end":{"line":158,"column":79},"skip":true},{"start":{"line":158,"column":83},"end":{"line":167,"column":9},"skip":true}]},"16":{"line":169,"type":"binary-expr","locations":[{"start":{"line":169,"column":43},"end":{"line":169,"column":75},"skip":true},{"start":{"line":169,"column":79},"end":{"line":178,"column":9},"skip":true}]},"17":{"line":180,"type":"binary-expr","locations":[{"start":{"line":180,"column":41},"end":{"line":180,"column":71},"skip":true},{"start":{"line":180,"column":75},"end":{"line":189,"column":9},"skip":true}]}},"code":["/* istanbul instrument in package npmtest_mustache */","/*jslint","    bitwise: true,","    browser: true,","    maxerr: 8,","    maxlen: 96,","    node: true,","    nomen: true,","    regexp: true,","    stupid: true","*/","(function () {","    'use strict';","    var local;","","","","    // run shared js-env code - pre-init","    (function () {","        // init local","        local = {};","        // init modeJs","        local.modeJs = (function () {","            try {","                return typeof navigator.userAgent === 'string' &&","                    typeof document.querySelector('body') === 'object' &&","                    typeof XMLHttpRequest.prototype.open === 'function' &&","                    'browser';","            } catch (errorCaughtBrowser) {","                return module.exports &&","                    typeof process.versions.node === 'string' &&","                    typeof require('http').createServer === 'function' &&","                    'node';","            }","        }());","        // init global","        local.global = local.modeJs === 'browser'","            ? window","            : global;","        switch (local.modeJs) {","        // re-init local from window.local","        case 'browser':","            local = local.global.utility2.objectSetDefault(","                local.global.utility2_rollup || local.global.local,","                local.global.utility2","            );","            break;","        // re-init local from example.js","        case 'node':","            local = (local.global.utility2_rollup || require('utility2'))","                .requireExampleJsFromReadme();","            break;","        }","        // export local","        local.global.local = local;","    }());","","","","    // run shared js-env code - function","    (function () {","        return;","    }());","    switch (local.modeJs) {","","","","    // run browser js-env code - function","    case 'browser':","        break;","","","","    // run node js-env code - function","    case 'node':","        break;","    }","","","","    // run shared js-env code - post-init","    (function () {","        return;","    }());","    switch (local.modeJs) {","","","","    // run browser js-env code - post-init","    case 'browser':","        local.testCase_browser_nullCase = local.testCase_browser_nullCase || function (","            options,","            onError","        ) {","        /*","         * this function will test browsers's null-case handling-behavior-behavior","         */","            onError(null, options);","        };","","        // run tests","        local.nop(local.modeTest &&","            document.querySelector('#testRunButton1') &&","            document.querySelector('#testRunButton1').click());","        break;","","","","    // run node js-env code - post-init","    /* istanbul ignore next */","    case 'node':","        local.testCase_buildApidoc_default = local.testCase_buildApidoc_default || function (","            options,","            onError","        ) {","        /*","         * this function will test buildApidoc's default handling-behavior-behavior","         */","            options = { modulePathList: module.paths };","            local.buildApidoc(options, onError);","        };","","        local.testCase_buildApp_default = local.testCase_buildApp_default || function (","            options,","            onError","        ) {","        /*","         * this function will test buildApp's default handling-behavior-behavior","         */","            local.testCase_buildReadme_default(options, local.onErrorThrow);","            local.testCase_buildLib_default(options, local.onErrorThrow);","            local.testCase_buildTest_default(options, local.onErrorThrow);","            local.testCase_buildCustomOrg_default(options, local.onErrorThrow);","            options = [];","            local.buildApp(options, onError);","        };","","        local.testCase_buildCustomOrg_default = local.testCase_buildCustomOrg_default ||","            function (options, onError) {","            /*","             * this function will test buildCustomOrg's default handling-behavior","             */","                options = {};","                local.buildCustomOrg(options, onError);","            };","","        local.testCase_buildLib_default = local.testCase_buildLib_default || function (","            options,","            onError","        ) {","        /*","         * this function will test buildLib's default handling-behavior","         */","            options = {};","            local.buildLib(options, onError);","        };","","        local.testCase_buildReadme_default = local.testCase_buildReadme_default || function (","            options,","            onError","        ) {","        /*","         * this function will test buildReadme's default handling-behavior-behavior","         */","            options = {};","            local.buildReadme(options, onError);","        };","","        local.testCase_buildTest_default = local.testCase_buildTest_default || function (","            options,","            onError","        ) {","        /*","         * this function will test buildTest's default handling-behavior","         */","            options = {};","            local.buildTest(options, onError);","        };","","        local.testCase_webpage_default = local.testCase_webpage_default || function (","            options,","            onError","        ) {","        /*","         * this function will test webpage's default handling-behavior","         */","            options = { modeCoverageMerge: true, url: local.serverLocalHost + '?modeTest=1' };","            local.browserTest(options, onError);","        };","","        // run test-server","        local.testRunServer(local);","        break;","    }","}());",""],"l":{"12":2,"14":2,"19":2,"21":2,"23":2,"24":2,"25":2,"30":1,"37":2,"40":2,"43":1,"47":1,"50":1,"52":1,"55":2,"61":2,"62":2,"64":2,"70":1,"76":1,"82":2,"83":2,"85":2,"91":1,"98":1,"102":1,"105":1,"112":1,"119":1,"120":1,"123":1,"130":1,"131":1,"132":1,"133":1,"134":1,"135":1,"138":1,"143":2,"144":2,"147":1,"154":2,"155":2,"158":1,"165":2,"166":2,"169":1,"176":2,"177":2,"180":1,"187":1,"188":1,"192":1,"193":1}},"/home/travis/build/npmtest/node-npmtest-mustache/lib.npmtest_mustache.js":{"path":"/home/travis/build/npmtest/node-npmtest-mustache/lib.npmtest_mustache.js","s":{"1":2,"2":2,"3":2,"4":2,"5":2,"6":2,"7":2,"8":1,"9":2,"10":2,"11":2,"12":2,"13":1,"14":1,"15":1,"16":1},"b":{"1":[2,1,1,1],"2":[1,1,1,1],"3":[1,1],"4":[2,2],"5":[1,1]},"f":{"1":2,"2":2,"3":2},"fnMap":{"1":{"name":"(anonymous_1)","line":12,"loc":{"start":{"line":12,"column":1},"end":{"line":12,"column":13}}},"2":{"name":"(anonymous_2)","line":19,"loc":{"start":{"line":19,"column":5},"end":{"line":19,"column":17}}},"3":{"name":"(anonymous_3)","line":23,"loc":{"start":{"line":23,"column":24},"end":{"line":23,"column":36}}}},"statementMap":{"1":{"start":{"line":12,"column":0},"end":{"line":53,"column":5}},"2":{"start":{"line":14,"column":4},"end":{"line":14,"column":14}},"3":{"start":{"line":19,"column":4},"end":{"line":52,"column":9}},"4":{"start":{"line":21,"column":8},"end":{"line":21,"column":19}},"5":{"start":{"line":23,"column":8},"end":{"line":35,"column":13}},"6":{"start":{"line":24,"column":12},"end":{"line":34,"column":13}},"7":{"start":{"line":25,"column":16},"end":{"line":28,"column":30}},"8":{"start":{"line":30,"column":16},"end":{"line":33,"column":27}},"9":{"start":{"line":37,"column":8},"end":{"line":39,"column":21}},"10":{"start":{"line":41,"column":8},"end":{"line":41,"column":54}},"11":{"start":{"line":43,"column":8},"end":{"line":43,"column":53}},"12":{"start":{"line":45,"column":8},"end":{"line":51,"column":9}},"13":{"start":{"line":46,"column":12},"end":{"line":46,"column":59}},"14":{"start":{"line":48,"column":12},"end":{"line":48,"column":35}},"15":{"start":{"line":49,"column":12},"end":{"line":49,"column":49}},"16":{"start":{"line":50,"column":12},"end":{"line":50,"column":43}}},"branchMap":{"1":{"line":25,"type":"binary-expr","locations":[{"start":{"line":25,"column":23},"end":{"line":25,"column":62}},{"start":{"line":26,"column":20},"end":{"line":26,"column":70}},{"start":{"line":27,"column":20},"end":{"line":27,"column":71}},{"start":{"line":28,"column":20},"end":{"line":28,"column":29}}]},"2":{"line":30,"type":"binary-expr","locations":[{"start":{"line":30,"column":23},"end":{"line":30,"column":37}},{"start":{"line":31,"column":20},"end":{"line":31,"column":61}},{"start":{"line":32,"column":20},"end":{"line":32,"column":70}},{"start":{"line":33,"column":20},"end":{"line":33,"column":26}}]},"3":{"line":37,"type":"cond-expr","locations":[{"start":{"line":38,"column":14},"end":{"line":38,"column":20}},{"start":{"line":39,"column":14},"end":{"line":39,"column":20}}]},"4":{"line":41,"type":"binary-expr","locations":[{"start":{"line":41,"column":16},"end":{"line":41,"column":44}},{"start":{"line":41,"column":48},"end":{"line":41,"column":53}}]},"5":{"line":45,"type":"if","locations":[{"start":{"line":45,"column":8},"end":{"line":45,"column":8}},{"start":{"line":45,"column":8},"end":{"line":45,"column":8}}]}},"code":["/* istanbul instrument in package npmtest_mustache */","/*jslint","    bitwise: true,","    browser: true,","    maxerr: 8,","    maxlen: 96,","    node: true,","    nomen: true,","    regexp: true,","    stupid: true","*/","(function () {","    'use strict';","    var local;","","","","    // run shared js-env code - pre-init","    (function () {","        // init local","        local = {};","        // init modeJs","        local.modeJs = (function () {","            try {","                return typeof navigator.userAgent === 'string' &&","                    typeof document.querySelector('body') === 'object' &&","                    typeof XMLHttpRequest.prototype.open === 'function' &&","                    'browser';","            } catch (errorCaughtBrowser) {","                return module.exports &&","                    typeof process.versions.node === 'string' &&","                    typeof require('http').createServer === 'function' &&","                    'node';","            }","        }());","        // init global","        local.global = local.modeJs === 'browser'","            ? window","            : global;","        // init utility2_rollup","        local = local.global.utility2_rollup || local;","        // init lib","        local.local = local.npmtest_mustache = local;","        // init exports","        if (local.modeJs === 'browser') {","            local.global.utility2_npmtest_mustache = local;","        } else {","            module.exports = local;","            module.exports.__dirname = __dirname;","            module.exports.module = module;","        }","    }());","}());",""],"l":{"12":2,"14":2,"19":2,"21":2,"23":2,"24":2,"25":2,"30":1,"37":2,"41":2,"43":2,"45":2,"46":1,"48":1,"49":1,"50":1}},"/home/travis/build/npmtest/node-npmtest-mustache/example.js":{"path":"/home/travis/build/npmtest/node-npmtest-mustache/example.js","s":{"1":2,"2":2,"3":2,"4":2,"5":2,"6":2,"7":2,"8":1,"9":2,"10":2,"11":2,"12":2,"13":1,"14":2,"15":2,"16":2,"17":2,"18":2,"19":0,"20":2,"21":1,"22":1,"23":1,"24":1,"25":1,"26":0,"27":0,"28":1,"29":1,"30":2,"31":0,"32":0,"33":0,"34":1,"35":2,"36":2,"37":3,"38":3,"39":3,"40":3,"41":0,"42":3,"43":3,"44":3,"45":1,"46":3,"47":1,"48":1,"49":1,"50":1,"51":1,"52":1,"53":1,"54":1,"55":1,"56":1,"57":0,"58":1,"59":6,"60":6,"61":1,"62":2,"63":0,"64":2,"65":1,"66":1,"67":0,"68":0,"69":0,"70":0,"71":0,"72":0,"73":0,"74":0,"75":0,"76":0,"77":0,"78":0,"79":0,"80":0,"81":0,"82":0,"83":0},"b":{"1":[2,1,1,1],"2":[1,1,1,1],"3":[1,1],"4":[2,2],"5":[1,1],"6":[1,1],"7":[2,0],"8":[2,1,1,1,1,1],"9":[0,2,0],"10":[1,1],"11":[2,1,1],"12":[1,0],"13":[0,2],"14":[2,0,0,0,0,0,0],"15":[0,3],"16":[3,0],"17":[1,1],"18":[0,1],"19":[1,2,0,2],"20":[1,0],"21":[1,1],"22":[0,0],"23":[0,0],"24":[0,0],"25":[0,0],"26":[0,0],"27":[0,0],"28":[0,0]},"f":{"1":2,"2":2,"3":2,"4":2,"5":2,"6":2,"7":3,"8":3,"9":3,"10":1,"11":6,"12":0},"fnMap":{"1":{"name":"(anonymous_1)","line":26,"loc":{"start":{"line":26,"column":1},"end":{"line":26,"column":13}}},"2":{"name":"(anonymous_2)","line":33,"loc":{"start":{"line":33,"column":5},"end":{"line":33,"column":17}}},"3":{"name":"(anonymous_3)","line":37,"loc":{"start":{"line":37,"column":24},"end":{"line":37,"column":36}}},"4":{"name":"(anonymous_4)","line":69,"loc":{"start":{"line":69,"column":31},"end":{"line":69,"column":48}},"skip":true},"5":{"name":"(anonymous_5)","line":78,"loc":{"start":{"line":78,"column":26},"end":{"line":78,"column":45}},"skip":true},"6":{"name":"(anonymous_6)","line":123,"loc":{"start":{"line":123,"column":33},"end":{"line":123,"column":48}},"skip":true},"7":{"name":"(anonymous_7)","line":125,"loc":{"start":{"line":125,"column":27},"end":{"line":125,"column":39}},"skip":true},"8":{"name":"(anonymous_8)","line":133,"loc":{"start":{"line":133,"column":59},"end":{"line":133,"column":74}},"skip":true},"9":{"name":"(anonymous_9)","line":143,"loc":{"start":{"line":143,"column":45},"end":{"line":143,"column":62}},"skip":true},"10":{"name":"(anonymous_10)","line":144,"loc":{"start":{"line":144,"column":73},"end":{"line":144,"column":92}},"skip":true},"11":{"name":"(anonymous_11)","line":272,"loc":{"start":{"line":272,"column":51},"end":{"line":272,"column":77}},"skip":true},"12":{"name":"(anonymous_12)","line":315,"loc":{"start":{"line":315,"column":32},"end":{"line":315,"column":61}},"skip":true}},"statementMap":{"1":{"start":{"line":26,"column":0},"end":{"line":326,"column":5}},"2":{"start":{"line":28,"column":4},"end":{"line":28,"column":14}},"3":{"start":{"line":33,"column":4},"end":{"line":60,"column":9}},"4":{"start":{"line":35,"column":8},"end":{"line":35,"column":19}},"5":{"start":{"line":37,"column":8},"end":{"line":49,"column":13}},"6":{"start":{"line":38,"column":12},"end":{"line":48,"column":13}},"7":{"start":{"line":39,"column":16},"end":{"line":42,"column":30}},"8":{"start":{"line":44,"column":16},"end":{"line":47,"column":27}},"9":{"start":{"line":51,"column":8},"end":{"line":53,"column":21}},"10":{"start":{"line":55,"column":8},"end":{"line":57,"column":45}},"11":{"start":{"line":59,"column":8},"end":{"line":59,"column":35}},"12":{"start":{"line":61,"column":4},"end":{"line":325,"column":5}},"13":{"start":{"line":69,"column":8},"end":{"line":121,"column":10},"skip":true},"14":{"start":{"line":70,"column":12},"end":{"line":88,"column":13},"skip":true},"15":{"start":{"line":76,"column":16},"end":{"line":87,"column":19},"skip":true},"16":{"start":{"line":79,"column":20},"end":{"line":86,"column":21},"skip":true},"17":{"start":{"line":82,"column":24},"end":{"line":82,"column":43},"skip":true},"18":{"start":{"line":83,"column":24},"end":{"line":83,"column":30},"skip":true},"19":{"start":{"line":85,"column":24},"end":{"line":85,"column":49},"skip":true},"20":{"start":{"line":89,"column":12},"end":{"line":107,"column":13},"skip":true},"21":{"start":{"line":92,"column":16},"end":{"line":102,"column":17},"skip":true},"22":{"start":{"line":93,"column":20},"end":{"line":93,"column":86},"skip":true},"23":{"start":{"line":94,"column":20},"end":{"line":95,"column":45},"skip":true},"24":{"start":{"line":96,"column":20},"end":{"line":96,"column":42},"skip":true},"25":{"start":{"line":97,"column":20},"end":{"line":97,"column":48},"skip":true},"26":{"start":{"line":100,"column":20},"end":{"line":100,"column":85},"skip":true},"27":{"start":{"line":101,"column":20},"end":{"line":101,"column":96},"skip":true},"28":{"start":{"line":103,"column":16},"end":{"line":103,"column":22},"skip":true},"29":{"start":{"line":106,"column":16},"end":{"line":106,"column":22},"skip":true},"30":{"start":{"line":108,"column":12},"end":{"line":120,"column":13},"skip":true},"31":{"start":{"line":114,"column":16},"end":{"line":119,"column":17},"skip":true},"32":{"start":{"line":116,"column":20},"end":{"line":116,"column":78},"skip":true},"33":{"start":{"line":118,"column":20},"end":{"line":118,"column":47},"skip":true},"34":{"start":{"line":123,"column":8},"end":{"line":141,"column":11},"skip":true},"35":{"start":{"line":124,"column":12},"end":{"line":124,"column":54},"skip":true},"36":{"start":{"line":125,"column":12},"end":{"line":140,"column":14},"skip":true},"37":{"start":{"line":126,"column":16},"end":{"line":126,"column":28},"skip":true},"38":{"start":{"line":127,"column":16},"end":{"line":127,"column":69},"skip":true},"39":{"start":{"line":128,"column":16},"end":{"line":128,"column":75},"skip":true},"40":{"start":{"line":129,"column":16},"end":{"line":131,"column":17},"skip":true},"41":{"start":{"line":130,"column":20},"end":{"line":130,"column":27},"skip":true},"42":{"start":{"line":133,"column":16},"end":{"line":137,"column":36},"skip":true},"43":{"start":{"line":134,"column":20},"end":{"line":136,"column":55},"skip":true},"44":{"start":{"line":139,"column":16},"end":{"line":139,"column":57},"skip":true},"45":{"start":{"line":143,"column":8},"end":{"line":147,"column":11},"skip":true},"46":{"start":{"line":144,"column":12},"end":{"line":146,"column":15},"skip":true},"47":{"start":{"line":145,"column":16},"end":{"line":145,"column":70},"skip":true},"48":{"start":{"line":149,"column":8},"end":{"line":149,"column":31},"skip":true},"49":{"start":{"line":150,"column":8},"end":{"line":150,"column":14},"skip":true},"50":{"start":{"line":158,"column":8},"end":{"line":158,"column":31},"skip":true},"51":{"start":{"line":160,"column":8},"end":{"line":160,"column":33},"skip":true},"52":{"start":{"line":161,"column":8},"end":{"line":161,"column":37},"skip":true},"53":{"start":{"line":162,"column":8},"end":{"line":162,"column":35},"skip":true},"54":{"start":{"line":164,"column":8},"end":{"line":164,"column":50},"skip":true},"55":{"start":{"line":166,"column":8},"end":{"line":256,"column":2},"skip":true},"56":{"start":{"line":258,"column":8},"end":{"line":286,"column":9},"skip":true},"57":{"start":{"line":259,"column":12},"end":{"line":269,"column":14},"skip":true},"58":{"start":{"line":271,"column":12},"end":{"line":285,"column":19},"skip":true},"59":{"start":{"line":274,"column":20},"end":{"line":274,"column":35},"skip":true},"60":{"start":{"line":275,"column":20},"end":{"line":284,"column":21},"skip":true},"61":{"start":{"line":277,"column":24},"end":{"line":277,"column":64},"skip":true},"62":{"start":{"line":279,"column":24},"end":{"line":279,"column":40},"skip":true},"63":{"start":{"line":281,"column":24},"end":{"line":281,"column":40},"skip":true},"64":{"start":{"line":283,"column":24},"end":{"line":283,"column":39},"skip":true},"65":{"start":{"line":288,"column":8},"end":{"line":290,"column":9},"skip":true},"66":{"start":{"line":289,"column":12},"end":{"line":289,"column":18},"skip":true},"67":{"start":{"line":291,"column":8},"end":{"line":293,"column":54},"skip":true},"68":{"start":{"line":296,"column":8},"end":{"line":301,"column":37},"skip":true},"69":{"start":{"line":303,"column":8},"end":{"line":303,"column":82},"skip":true},"70":{"start":{"line":306,"column":8},"end":{"line":308,"column":9},"skip":true},"71":{"start":{"line":307,"column":12},"end":{"line":307,"column":82},"skip":true},"72":{"start":{"line":310,"column":8},"end":{"line":312,"column":9},"skip":true},"73":{"start":{"line":311,"column":12},"end":{"line":311,"column":18},"skip":true},"74":{"start":{"line":313,"column":8},"end":{"line":313,"column":54},"skip":true},"75":{"start":{"line":314,"column":8},"end":{"line":314,"column":69},"skip":true},"76":{"start":{"line":315,"column":8},"end":{"line":323,"column":36},"skip":true},"77":{"start":{"line":316,"column":12},"end":{"line":316,"column":61},"skip":true},"78":{"start":{"line":317,"column":12},"end":{"line":320,"column":13},"skip":true},"79":{"start":{"line":318,"column":16},"end":{"line":318,"column":75},"skip":true},"80":{"start":{"line":319,"column":16},"end":{"line":319,"column":23},"skip":true},"81":{"start":{"line":321,"column":12},"end":{"line":321,"column":38},"skip":true},"82":{"start":{"line":322,"column":12},"end":{"line":322,"column":27},"skip":true},"83":{"start":{"line":324,"column":8},"end":{"line":324,"column":14},"skip":true}},"branchMap":{"1":{"line":39,"type":"binary-expr","locations":[{"start":{"line":39,"column":23},"end":{"line":39,"column":62}},{"start":{"line":40,"column":20},"end":{"line":40,"column":70}},{"start":{"line":41,"column":20},"end":{"line":41,"column":71}},{"start":{"line":42,"column":20},"end":{"line":42,"column":29}}]},"2":{"line":44,"type":"binary-expr","locations":[{"start":{"line":44,"column":23},"end":{"line":44,"column":37}},{"start":{"line":45,"column":20},"end":{"line":45,"column":61}},{"start":{"line":46,"column":20},"end":{"line":46,"column":70}},{"start":{"line":47,"column":20},"end":{"line":47,"column":26}}]},"3":{"line":51,"type":"cond-expr","locations":[{"start":{"line":52,"column":14},"end":{"line":52,"column":20}},{"start":{"line":53,"column":14},"end":{"line":53,"column":20}}]},"4":{"line":55,"type":"binary-expr","locations":[{"start":{"line":55,"column":16},"end":{"line":55,"column":44}},{"start":{"line":55,"column":49},"end":{"line":57,"column":43}}]},"5":{"line":55,"type":"cond-expr","locations":[{"start":{"line":56,"column":14},"end":{"line":56,"column":52}},{"start":{"line":57,"column":14},"end":{"line":57,"column":43}}]},"6":{"line":61,"type":"switch","locations":[{"start":{"line":68,"column":4},"end":{"line":150,"column":14},"skip":true},{"start":{"line":156,"column":4},"end":{"line":324,"column":14},"skip":true}]},"7":{"line":70,"type":"if","locations":[{"start":{"line":70,"column":12},"end":{"line":70,"column":12},"skip":true},{"start":{"line":70,"column":12},"end":{"line":70,"column":12},"skip":true}]},"8":{"line":70,"type":"binary-expr","locations":[{"start":{"line":70,"column":16},"end":{"line":70,"column":22},"skip":true},{"start":{"line":70,"column":27},"end":{"line":70,"column":32},"skip":true},{"start":{"line":71,"column":20},"end":{"line":71,"column":39},"skip":true},{"start":{"line":72,"column":20},"end":{"line":72,"column":49},"skip":true},{"start":{"line":73,"column":20},"end":{"line":73,"column":58},"skip":true},{"start":{"line":74,"column":20},"end":{"line":74,"column":69},"skip":true}]},"9":{"line":79,"type":"switch","locations":[{"start":{"line":80,"column":20},"end":{"line":80,"column":33},"skip":true},{"start":{"line":81,"column":20},"end":{"line":83,"column":30},"skip":true},{"start":{"line":84,"column":20},"end":{"line":85,"column":49},"skip":true}]},"10":{"line":89,"type":"switch","locations":[{"start":{"line":90,"column":12},"end":{"line":103,"column":22},"skip":true},{"start":{"line":105,"column":12},"end":{"line":106,"column":22},"skip":true}]},"11":{"line":89,"type":"binary-expr","locations":[{"start":{"line":89,"column":20},"end":{"line":89,"column":25},"skip":true},{"start":{"line":89,"column":29},"end":{"line":89,"column":48},"skip":true},{"start":{"line":89,"column":52},"end":{"line":89,"column":74},"skip":true}]},"12":{"line":92,"type":"if","locations":[{"start":{"line":92,"column":16},"end":{"line":92,"column":16},"skip":true},{"start":{"line":92,"column":16},"end":{"line":92,"column":16},"skip":true}]},"13":{"line":108,"type":"if","locations":[{"start":{"line":108,"column":12},"end":{"line":108,"column":12},"skip":true},{"start":{"line":108,"column":12},"end":{"line":108,"column":12},"skip":true}]},"14":{"line":108,"type":"binary-expr","locations":[{"start":{"line":108,"column":16},"end":{"line":108,"column":61},"skip":true},{"start":{"line":108,"column":66},"end":{"line":108,"column":72},"skip":true},{"start":{"line":108,"column":77},"end":{"line":108,"column":82},"skip":true},{"start":{"line":109,"column":20},"end":{"line":109,"column":39},"skip":true},{"start":{"line":110,"column":20},"end":{"line":110,"column":49},"skip":true},{"start":{"line":111,"column":20},"end":{"line":111,"column":58},"skip":true},{"start":{"line":112,"column":20},"end":{"line":112,"column":68},"skip":true}]},"15":{"line":129,"type":"if","locations":[{"start":{"line":129,"column":16},"end":{"line":129,"column":16},"skip":true},{"start":{"line":129,"column":16},"end":{"line":129,"column":16},"skip":true}]},"16":{"line":134,"type":"cond-expr","locations":[{"start":{"line":135,"column":26},"end":{"line":135,"column":29},"skip":true},{"start":{"line":136,"column":26},"end":{"line":136,"column":54},"skip":true}]},"17":{"line":164,"type":"binary-expr","locations":[{"start":{"line":164,"column":27},"end":{"line":164,"column":43},"skip":true},{"start":{"line":164,"column":47},"end":{"line":164,"column":49},"skip":true}]},"18":{"line":258,"type":"if","locations":[{"start":{"line":258,"column":8},"end":{"line":258,"column":8},"skip":true},{"start":{"line":258,"column":8},"end":{"line":258,"column":8},"skip":true}]},"19":{"line":275,"type":"switch","locations":[{"start":{"line":276,"column":20},"end":{"line":277,"column":64},"skip":true},{"start":{"line":278,"column":20},"end":{"line":279,"column":40},"skip":true},{"start":{"line":280,"column":20},"end":{"line":281,"column":40},"skip":true},{"start":{"line":282,"column":20},"end":{"line":283,"column":39},"skip":true}]},"20":{"line":288,"type":"if","locations":[{"start":{"line":288,"column":8},"end":{"line":288,"column":8},"skip":true},{"start":{"line":288,"column":8},"end":{"line":288,"column":8},"skip":true}]},"21":{"line":288,"type":"binary-expr","locations":[{"start":{"line":288,"column":12},"end":{"line":288,"column":40},"skip":true},{"start":{"line":288,"column":44},"end":{"line":288,"column":67},"skip":true}]},"22":{"line":292,"type":"binary-expr","locations":[{"start":{"line":292,"column":12},"end":{"line":292,"column":50},"skip":true},{"start":{"line":293,"column":12},"end":{"line":293,"column":53},"skip":true}]},"23":{"line":297,"type":"binary-expr","locations":[{"start":{"line":297,"column":12},"end":{"line":297,"column":66},"skip":true},{"start":{"line":298,"column":12},"end":{"line":301,"column":36},"skip":true}]},"24":{"line":303,"type":"binary-expr","locations":[{"start":{"line":303,"column":43},"end":{"line":303,"column":75},"skip":true},{"start":{"line":303,"column":79},"end":{"line":303,"column":81},"skip":true}]},"25":{"line":306,"type":"if","locations":[{"start":{"line":306,"column":8},"end":{"line":306,"column":8},"skip":true},{"start":{"line":306,"column":8},"end":{"line":306,"column":8},"skip":true}]},"26":{"line":310,"type":"if","locations":[{"start":{"line":310,"column":8},"end":{"line":310,"column":8},"skip":true},{"start":{"line":310,"column":8},"end":{"line":310,"column":8},"skip":true}]},"27":{"line":313,"type":"binary-expr","locations":[{"start":{"line":313,"column":27},"end":{"line":313,"column":43},"skip":true},{"start":{"line":313,"column":47},"end":{"line":313,"column":53},"skip":true}]},"28":{"line":317,"type":"if","locations":[{"start":{"line":317,"column":12},"end":{"line":317,"column":12},"skip":true},{"start":{"line":317,"column":12},"end":{"line":317,"column":12},"skip":true}]}},"code":["/*","example.js","","quickstart example","","instruction","    1. save this script as example.js","    2. run the shell command:","        $ npm install npmtest-mustache && PORT=8081 node example.js","    3. play with the browser-demo on http://127.0.0.1:8081","*/","","","","/* istanbul instrument in package npmtest_mustache */","/*jslint","    bitwise: true,","    browser: true,","    maxerr: 8,","    maxlen: 96,","    node: true,","    nomen: true,","    regexp: true,","    stupid: true","*/","(function () {","    'use strict';","    var local;","","","","    // run shared js-env code - pre-init","    (function () {","        // init local","        local = {};","        // init modeJs","        local.modeJs = (function () {","            try {","                return typeof navigator.userAgent === 'string' &&","                    typeof document.querySelector('body') === 'object' &&","                    typeof XMLHttpRequest.prototype.open === 'function' &&","                    'browser';","            } catch (errorCaughtBrowser) {","                return module.exports &&","                    typeof process.versions.node === 'string' &&","                    typeof require('http').createServer === 'function' &&","                    'node';","            }","        }());","        // init global","        local.global = local.modeJs === 'browser'","            ? window","            : global;","        // init utility2_rollup","        local = local.global.utility2_rollup || (local.modeJs === 'browser'","            ? local.global.utility2_npmtest_mustache","            : global.utility2_moduleExports);","        // export local","        local.global.local = local;","    }());","    switch (local.modeJs) {","","","","    // post-init","    // run browser js-env code - post-init","    /* istanbul ignore next */","    case 'browser':","        local.testRunBrowser = function (event) {","            if (!event || (event &&","                    event.currentTarget &&","                    event.currentTarget.className &&","                    event.currentTarget.className.includes &&","                    event.currentTarget.className.includes('onreset'))) {","                // reset output","                Array.from(","                    document.querySelectorAll('body > .resettable')","                ).forEach(function (element) {","                    switch (element.tagName) {","                    case 'INPUT':","                    case 'TEXTAREA':","                        element.value = '';","                        break;","                    default:","                        element.textContent = '';","                    }","                });","            }","            switch (event && event.currentTarget && event.currentTarget.id) {","            case 'testRunButton1':","                // show tests","                if (document.querySelector('#testReportDiv1').style.display === 'none') {","                    document.querySelector('#testReportDiv1').style.display = 'block';","                    document.querySelector('#testRunButton1').textContent =","                        'hide internal test';","                    local.modeTest = true;","                    local.testRunDefault(local);","                // hide tests","                } else {","                    document.querySelector('#testReportDiv1').style.display = 'none';","                    document.querySelector('#testRunButton1').textContent = 'run internal test';","                }","                break;","            // custom-case","            default:","                break;","            }","            if (document.querySelector('#inputTextareaEval1') && (!event || (event &&","                    event.currentTarget &&","                    event.currentTarget.className &&","                    event.currentTarget.className.includes &&","                    event.currentTarget.className.includes('oneval')))) {","                // try to eval input-code","                try {","                    /*jslint evil: true*/","                    eval(document.querySelector('#inputTextareaEval1').value);","                } catch (errorCaught) {","                    console.error(errorCaught);","                }","            }","        };","        // log stderr and stdout to #outputTextareaStdout1","        ['error', 'log'].forEach(function (key) {","            console[key + '_original'] = console[key];","            console[key] = function () {","                var element;","                console[key + '_original'].apply(console, arguments);","                element = document.querySelector('#outputTextareaStdout1');","                if (!element) {","                    return;","                }","                // append text to #outputTextareaStdout1","                element.value += Array.from(arguments).map(function (arg) {","                    return typeof arg === 'string'","                        ? arg","                        : JSON.stringify(arg, null, 4);","                }).join(' ') + '\\n';","                // scroll textarea to bottom","                element.scrollTop = element.scrollHeight;","            };","        });","        // init event-handling","        ['change', 'click', 'keyup'].forEach(function (event) {","            Array.from(document.querySelectorAll('.on' + event)).forEach(function (element) {","                element.addEventListener(event, local.testRunBrowser);","            });","        });","        // run tests","        local.testRunBrowser();","        break;","","","","    // run node js-env code - post-init","    /* istanbul ignore next */","    case 'node':","        // export local","        module.exports = local;","        // require modules","        local.fs = require('fs');","        local.http = require('http');","        local.url = require('url');","        // init assets","        local.assetsDict = local.assetsDict || {};","        /* jslint-ignore-begin */","        local.assetsDict['/assets.index.template.html'] = '\\","<!doctype html>\\n\\","<html lang=\"en\">\\n\\","<head>\\n\\","<meta charset=\"UTF-8\">\\n\\","<meta name=\"viewport\" content=\"width=device-width, initial-scale=1\">\\n\\","<title>{{env.npm_package_name}} (v{{env.npm_package_version}})</title>\\n\\","<style>\\n\\","/*csslint\\n\\","    box-sizing: false,\\n\\","    universal-selector: false\\n\\","*/\\n\\","* {\\n\\","    box-sizing: border-box;\\n\\","}\\n\\","body {\\n\\","    background: #dde;\\n\\","    font-family: Arial, Helvetica, sans-serif;\\n\\","    margin: 2rem;\\n\\","}\\n\\","body > * {\\n\\","    margin-bottom: 1rem;\\n\\","}\\n\\",".utility2FooterDiv {\\n\\","    margin-top: 20px;\\n\\","    text-align: center;\\n\\","}\\n\\","</style>\\n\\","<style>\\n\\","/*csslint\\n\\","*/\\n\\","textarea {\\n\\","    font-family: monospace;\\n\\","    height: 10rem;\\n\\","    width: 100%;\\n\\","}\\n\\","textarea[readonly] {\\n\\","    background: #ddd;\\n\\","}\\n\\","</style>\\n\\","</head>\\n\\","<body>\\n\\","<!-- utility2-comment\\n\\","<div id=\"ajaxProgressDiv1\" style=\"background: #d00; height: 2px; left: 0; margin: 0; padding: 0; position: fixed; top: 0; transition: background 0.5s, width 1.5s; width: 25%;\"></div>\\n\\","utility2-comment -->\\n\\","<h1>\\n\\","<!-- utility2-comment\\n\\","    <a\\n\\","        {{#if env.npm_package_homepage}}\\n\\","        href=\"{{env.npm_package_homepage}}\"\\n\\","        {{/if env.npm_package_homepage}}\\n\\","        target=\"_blank\"\\n\\","    >\\n\\","utility2-comment -->\\n\\","        {{env.npm_package_name}} (v{{env.npm_package_version}})\\n\\","<!-- utility2-comment\\n\\","    </a>\\n\\","utility2-comment -->\\n\\","</h1>\\n\\","<h3>{{env.npm_package_description}}</h3>\\n\\","<!-- utility2-comment\\n\\","<h4><a download href=\"assets.app.js\">download standalone app</a></h4>\\n\\","<button class=\"onclick onreset\" id=\"testRunButton1\">run internal test</button><br>\\n\\","<div id=\"testReportDiv1\" style=\"display: none;\"></div>\\n\\","utility2-comment -->\\n\\","\\n\\","\\n\\","\\n\\","<label>stderr and stdout</label>\\n\\","<textarea class=\"resettable\" id=\"outputTextareaStdout1\" readonly></textarea>\\n\\","<!-- utility2-comment\\n\\","{{#if isRollup}}\\n\\","<script src=\"assets.app.js\"></script>\\n\\","{{#unless isRollup}}\\n\\","utility2-comment -->\\n\\","<script src=\"assets.utility2.rollup.js\"></script>\\n\\","<script src=\"jsonp.utility2._stateInit?callback=window.utility2._stateInit\"></script>\\n\\","<script src=\"assets.npmtest_mustache.rollup.js\"></script>\\n\\","<script src=\"assets.example.js\"></script>\\n\\","<script src=\"assets.test.js\"></script>\\n\\","<!-- utility2-comment\\n\\","{{/if isRollup}}\\n\\","utility2-comment -->\\n\\","<div class=\"utility2FooterDiv\">\\n\\","    [ this app was created with\\n\\","    <a href=\"https://github.com/kaizhu256/node-utility2\" target=\"_blank\">utility2</a>\\n\\","    ]\\n\\","</div>\\n\\","</body>\\n\\","</html>\\n\\","';","        /* jslint-ignore-end */","        if (local.templateRender) {","            local.assetsDict['/'] = local.templateRender(","                local.assetsDict['/assets.index.template.html'],","                {","                    env: local.objectSetDefault(local.env, {","                        npm_package_description: 'the greatest app in the world!',","                        npm_package_name: 'my-app',","                        npm_package_nameAlias: 'my_app',","                        npm_package_version: '0.0.1'","                    })","                }","            );","        } else {","            local.assetsDict['/'] = local.assetsDict['/assets.index.template.html']","                .replace((/\\{\\{env\\.(\\w+?)\\}\\}/g), function (match0, match1) {","                    // jslint-hack","                    String(match0);","                    switch (match1) {","                    case 'npm_package_description':","                        return 'the greatest app in the world!';","                    case 'npm_package_name':","                        return 'my-app';","                    case 'npm_package_nameAlias':","                        return 'my_app';","                    case 'npm_package_version':","                        return '0.0.1';","                    }","                });","        }","        // run the cli","        if (local.global.utility2_rollup || module !== require.main) {","            break;","        }","        local.assetsDict['/assets.example.js'] =","            local.assetsDict['/assets.example.js'] ||","            local.fs.readFileSync(__filename, 'utf8');","        // bug-workaround - long $npm_package_buildCustomOrg","        /* jslint-ignore-begin */","        local.assetsDict['/assets.npmtest_mustache.rollup.js'] =","            local.assetsDict['/assets.npmtest_mustache.rollup.js'] ||","            local.fs.readFileSync(","                local.npmtest_mustache.__dirname + '/lib.npmtest_mustache.js',","                'utf8'","            ).replace((/^#!/), '//');","        /* jslint-ignore-end */","        local.assetsDict['/favicon.ico'] = local.assetsDict['/favicon.ico'] || '';","        // if $npm_config_timeout_exit exists,","        // then exit this process after $npm_config_timeout_exit ms","        if (Number(process.env.npm_config_timeout_exit)) {","            setTimeout(process.exit, Number(process.env.npm_config_timeout_exit));","        }","        // start server","        if (local.global.utility2_serverHttp1) {","            break;","        }","        process.env.PORT = process.env.PORT || '8081';","        console.error('server starting on port ' + process.env.PORT);","        local.http.createServer(function (request, response) {","            request.urlParsed = local.url.parse(request.url);","            if (local.assetsDict[request.urlParsed.pathname] !== undefined) {","                response.end(local.assetsDict[request.urlParsed.pathname]);","                return;","            }","            response.statusCode = 404;","            response.end();","        }).listen(process.env.PORT);","        break;","    }","}());",""],"l":{"26":2,"28":2,"33":2,"35":2,"37":2,"38":2,"39":2,"44":1,"51":2,"55":2,"59":2,"61":2,"69":1,"70":2,"76":2,"79":2,"82":2,"83":2,"85":1,"89":2,"92":1,"93":1,"94":1,"96":1,"97":1,"100":1,"101":1,"103":1,"106":1,"108":2,"114":1,"116":1,"118":1,"123":1,"124":2,"125":2,"126":3,"127":3,"128":3,"129":3,"130":1,"133":3,"134":3,"139":3,"143":1,"144":3,"145":1,"149":1,"150":1,"158":1,"160":1,"161":1,"162":1,"164":1,"166":1,"258":1,"259":1,"271":1,"274":6,"275":6,"277":1,"279":2,"281":1,"283":2,"288":1,"289":1,"291":1,"296":1,"303":1,"306":1,"307":1,"310":1,"311":1,"313":1,"314":1,"315":1,"316":1,"317":1,"318":1,"319":1,"321":1,"322":1,"324":1}},"/home/travis/build/npmtest/node-npmtest-mustache/node_modules/mustache/mustache.js":{"path":"/home/travis/build/npmtest/node-npmtest-mustache/node_modules/mustache/mustache.js","s":{"1":1,"2":1,"3":1,"4":0,"5":0,"6":0,"7":0,"8":1,"9":1,"10":0,"11":1,"12":0,"13":1,"14":0,"15":1,"16":0,"17":1,"18":0,"19":1,"20":1,"21":0,"22":1,"23":1,"24":0,"25":1,"26":1,"27":0,"28":0,"29":1,"30":1,"31":1,"32":1,"33":1,"34":1,"35":0,"36":0,"37":0,"38":0,"39":0,"40":0,"41":0,"42":1,"43":0,"44":0,"45":0,"46":0,"47":0,"48":0,"49":0,"50":1,"51":0,"52":0,"53":0,"54":0,"55":0,"56":0,"57":0,"58":0,"59":0,"60":0,"61":0,"62":0,"63":0,"64":0,"65":0,"66":0,"67":0,"68":0,"69":0,"70":0,"71":0,"72":0,"73":0,"74":0,"75":0,"76":0,"77":0,"78":0,"79":0,"80":0,"81":0,"82":0,"83":0,"84":0,"85":0,"86":0,"87":0,"88":0,"89":0,"90":0,"91":0,"92":0,"93":0,"94":0,"95":0,"96":0,"97":0,"98":0,"99":0,"100":0,"101":0,"102":0,"103":0,"104":0,"105":0,"106":0,"107":0,"108":0,"109":1,"110":0,"111":0,"112":0,"113":0,"114":0,"115":0,"116":0,"117":0,"118":0,"119":0,"120":0,"121":1,"122":0,"123":0,"124":0,"125":0,"126":0,"127":0,"128":0,"129":0,"130":0,"131":0,"132":0,"133":0,"134":0,"135":0,"136":0,"137":0,"138":0,"139":1,"140":0,"141":0,"142":0,"143":1,"144":0,"145":1,"146":0,"147":0,"148":0,"149":0,"150":0,"151":0,"152":0,"153":1,"154":0,"155":0,"156":0,"157":0,"158":0,"159":0,"160":0,"161":0,"162":0,"163":0,"164":0,"165":1,"166":0,"167":0,"168":0,"169":1,"170":0,"171":1,"172":0,"173":0,"174":0,"175":0,"176":0,"177":0,"178":0,"179":0,"180":0,"181":0,"182":0,"183":0,"184":0,"185":0,"186":0,"187":0,"188":0,"189":0,"190":0,"191":0,"192":0,"193":0,"194":0,"195":1,"196":1,"197":1,"198":0,"199":1,"200":0,"201":0,"202":0,"203":0,"204":0,"205":1,"206":0,"207":0,"208":0,"209":1,"210":0,"211":0,"212":0,"213":0,"214":0,"215":0,"216":0,"217":0,"218":0,"219":0,"220":0,"221":0,"222":0,"223":0,"224":0,"225":0,"226":0,"227":0,"228":0,"229":0,"230":0,"231":1,"232":0,"233":0,"234":0,"235":1,"236":0,"237":0,"238":0,"239":0,"240":0,"241":0,"242":0,"243":0,"244":0,"245":0,"246":0,"247":0,"248":0,"249":0,"250":0,"251":0,"252":1,"253":0,"254":0,"255":0,"256":1,"257":0,"258":0,"259":0,"260":0,"261":0,"262":1,"263":0,"264":0,"265":0,"266":1,"267":0,"268":0,"269":0,"270":1,"271":0,"272":1,"273":1,"274":1,"275":1,"276":1,"277":0,"278":1,"279":0,"280":1,"281":0,"282":0,"283":0,"284":1,"285":0,"286":0,"287":0,"288":0,"289":1,"290":1,"291":1,"292":1,"293":1},"b":{"1":[1,0],"2":[1,1,1],"3":[0,0],"4":[0,0],"5":[1,0],"6":[0,0],"7":[0,0,0],"8":[0,0],"9":[0,0],"10":[0,0],"11":[0,0],"12":[0,0],"13":[0,0],"14":[0,0],"15":[0,0],"16":[0,0],"17":[0,0],"18":[0,0],"19":[0,0],"20":[0,0],"21":[0,0],"22":[0,0],"23":[0,0],"24":[0,0],"25":[0,0],"26":[0,0],"27":[0,0],"28":[0,0],"29":[0,0,0],"30":[0,0],"31":[0,0],"32":[0,0],"33":[0,0],"34":[0,0,0],"35":[0,0,0,0],"36":[0,0],"37":[0,0],"38":[0,0],"39":[0,0,0],"40":[0,0],"41":[0,0],"42":[0,0],"43":[0,0],"44":[0,0],"45":[0,0],"46":[0,0],"47":[0,0],"48":[0,0],"49":[0,0],"50":[0,0],"51":[0,0],"52":[0,0],"53":[0,0],"54":[0,0],"55":[0,0],"56":[0,0],"57":[0,0],"58":[0,0,0],"59":[0,0],"60":[0,0],"61":[0,0],"62":[0,0],"63":[0,0,0],"64":[0,0],"65":[0,0],"66":[0,0],"67":[0,0],"68":[0,0],"69":[0,0],"70":[0,0]},"f":{"1":1,"2":1,"3":0,"4":0,"5":0,"6":0,"7":0,"8":0,"9":0,"10":0,"11":0,"12":0,"13":0,"14":0,"15":0,"16":0,"17":0,"18":0,"19":0,"20":0,"21":0,"22":0,"23":0,"24":1,"25":0,"26":0,"27":0,"28":0,"29":0,"30":0,"31":0,"32":0,"33":0,"34":0,"35":0,"36":0,"37":0,"38":0,"39":0},"fnMap":{"1":{"name":"defineMustache","line":8,"loc":{"start":{"line":8,"column":1},"end":{"line":8,"column":43}}},"2":{"name":"mustacheFactory","line":17,"loc":{"start":{"line":17,"column":8},"end":{"line":17,"column":44}}},"3":{"name":"isArrayPolyfill","line":20,"loc":{"start":{"line":20,"column":33},"end":{"line":20,"column":67}}},"4":{"name":"isFunction","line":24,"loc":{"start":{"line":24,"column":2},"end":{"line":24,"column":31}}},"5":{"name":"typeStr","line":32,"loc":{"start":{"line":32,"column":2},"end":{"line":32,"column":25}}},"6":{"name":"escapeRegExp","line":36,"loc":{"start":{"line":36,"column":2},"end":{"line":36,"column":33}}},"7":{"name":"hasProperty","line":44,"loc":{"start":{"line":44,"column":2},"end":{"line":44,"column":39}}},"8":{"name":"testRegExp","line":51,"loc":{"start":{"line":51,"column":2},"end":{"line":51,"column":35}}},"9":{"name":"isWhitespace","line":56,"loc":{"start":{"line":56,"column":2},"end":{"line":56,"column":33}}},"10":{"name":"escapeHtml","line":71,"loc":{"start":{"line":71,"column":2},"end":{"line":71,"column":31}}},"11":{"name":"fromEntityMap","line":72,"loc":{"start":{"line":72,"column":50},"end":{"line":72,"column":77}}},"12":{"name":"parseTemplate","line":105,"loc":{"start":{"line":105,"column":2},"end":{"line":105,"column":42}}},"13":{"name":"stripSpace","line":117,"loc":{"start":{"line":117,"column":4},"end":{"line":117,"column":27}}},"14":{"name":"compileTags","line":130,"loc":{"start":{"line":130,"column":4},"end":{"line":130,"column":41}}},"15":{"name":"squashTokens","line":235,"loc":{"start":{"line":235,"column":2},"end":{"line":235,"column":33}}},"16":{"name":"nestTokens","line":262,"loc":{"start":{"line":262,"column":2},"end":{"line":262,"column":31}}},"17":{"name":"Scanner","line":295,"loc":{"start":{"line":295,"column":2},"end":{"line":295,"column":28}}},"18":{"name":"eos","line":304,"loc":{"start":{"line":304,"column":26},"end":{"line":304,"column":42}}},"19":{"name":"scan","line":312,"loc":{"start":{"line":312,"column":27},"end":{"line":312,"column":46}}},"20":{"name":"scanUntil","line":330,"loc":{"start":{"line":330,"column":32},"end":{"line":330,"column":56}}},"21":{"name":"Context","line":355,"loc":{"start":{"line":355,"column":2},"end":{"line":355,"column":41}}},"22":{"name":"push","line":365,"loc":{"start":{"line":365,"column":27},"end":{"line":365,"column":48}}},"23":{"name":"lookup","line":373,"loc":{"start":{"line":373,"column":29},"end":{"line":373,"column":52}}},"24":{"name":"Writer","line":430,"loc":{"start":{"line":430,"column":2},"end":{"line":430,"column":21}}},"25":{"name":"clearCache","line":437,"loc":{"start":{"line":437,"column":32},"end":{"line":437,"column":55}}},"26":{"name":"parse","line":445,"loc":{"start":{"line":445,"column":27},"end":{"line":445,"column":59}}},"27":{"name":"render","line":464,"loc":{"start":{"line":464,"column":28},"end":{"line":464,"column":71}}},"28":{"name":"renderTokens","line":479,"loc":{"start":{"line":479,"column":34},"end":{"line":479,"column":102}}},"29":{"name":"renderSection","line":502,"loc":{"start":{"line":502,"column":35},"end":{"line":502,"column":103}}},"30":{"name":"subRender","line":509,"loc":{"start":{"line":509,"column":4},"end":{"line":509,"column":34}}},"31":{"name":"renderInverted","line":536,"loc":{"start":{"line":536,"column":36},"end":{"line":536,"column":105}}},"32":{"name":"renderPartial","line":545,"loc":{"start":{"line":545,"column":35},"end":{"line":545,"column":85}}},"33":{"name":"unescapedValue","line":553,"loc":{"start":{"line":553,"column":36},"end":{"line":553,"column":77}}},"34":{"name":"escapedValue","line":559,"loc":{"start":{"line":559,"column":34},"end":{"line":559,"column":73}}},"35":{"name":"rawValue","line":565,"loc":{"start":{"line":565,"column":30},"end":{"line":565,"column":56}}},"36":{"name":"clearCache","line":579,"loc":{"start":{"line":579,"column":24},"end":{"line":579,"column":47}}},"37":{"name":"parse","line":588,"loc":{"start":{"line":588,"column":19},"end":{"line":588,"column":51}}},"38":{"name":"render","line":596,"loc":{"start":{"line":596,"column":20},"end":{"line":596,"column":63}}},"39":{"name":"to_html","line":608,"loc":{"start":{"line":608,"column":21},"end":{"line":608,"column":71}}}},"statementMap":{"1":{"start":{"line":8,"column":0},"end":{"line":630,"column":4}},"2":{"start":{"line":9,"column":2},"end":{"line":16,"column":3}},"3":{"start":{"line":10,"column":4},"end":{"line":10,"column":21}},"4":{"start":{"line":11,"column":9},"end":{"line":16,"column":3}},"5":{"start":{"line":12,"column":4},"end":{"line":12,"column":33}},"6":{"start":{"line":14,"column":4},"end":{"line":14,"column":25}},"7":{"start":{"line":15,"column":4},"end":{"line":15,"column":29}},"8":{"start":{"line":19,"column":2},"end":{"line":19,"column":49}},"9":{"start":{"line":20,"column":2},"end":{"line":22,"column":4}},"10":{"start":{"line":21,"column":4},"end":{"line":21,"column":60}},"11":{"start":{"line":24,"column":2},"end":{"line":26,"column":3}},"12":{"start":{"line":25,"column":4},"end":{"line":25,"column":40}},"13":{"start":{"line":32,"column":2},"end":{"line":34,"column":3}},"14":{"start":{"line":33,"column":4},"end":{"line":33,"column":47}},"15":{"start":{"line":36,"column":2},"end":{"line":38,"column":3}},"16":{"start":{"line":37,"column":4},"end":{"line":37,"column":65}},"17":{"start":{"line":44,"column":2},"end":{"line":46,"column":3}},"18":{"start":{"line":45,"column":4},"end":{"line":45,"column":71}},"19":{"start":{"line":50,"column":2},"end":{"line":50,"column":41}},"20":{"start":{"line":51,"column":2},"end":{"line":53,"column":3}},"21":{"start":{"line":52,"column":4},"end":{"line":52,"column":39}},"22":{"start":{"line":55,"column":2},"end":{"line":55,"column":24}},"23":{"start":{"line":56,"column":2},"end":{"line":58,"column":3}},"24":{"start":{"line":57,"column":4},"end":{"line":57,"column":43}},"25":{"start":{"line":60,"column":2},"end":{"line":69,"column":4}},"26":{"start":{"line":71,"column":2},"end":{"line":75,"column":3}},"27":{"start":{"line":72,"column":4},"end":{"line":74,"column":7}},"28":{"start":{"line":73,"column":6},"end":{"line":73,"column":26}},"29":{"start":{"line":77,"column":2},"end":{"line":77,"column":22}},"30":{"start":{"line":78,"column":2},"end":{"line":78,"column":22}},"31":{"start":{"line":79,"column":2},"end":{"line":79,"column":24}},"32":{"start":{"line":80,"column":2},"end":{"line":80,"column":24}},"33":{"start":{"line":81,"column":2},"end":{"line":81,"column":35}},"34":{"start":{"line":105,"column":2},"end":{"line":229,"column":3}},"35":{"start":{"line":106,"column":4},"end":{"line":107,"column":16}},"36":{"start":{"line":107,"column":6},"end":{"line":107,"column":16}},"37":{"start":{"line":109,"column":4},"end":{"line":109,"column":22}},"38":{"start":{"line":110,"column":4},"end":{"line":110,"column":20}},"39":{"start":{"line":111,"column":4},"end":{"line":111,"column":20}},"40":{"start":{"line":112,"column":4},"end":{"line":112,"column":23}},"41":{"start":{"line":113,"column":4},"end":{"line":113,"column":25}},"42":{"start":{"line":117,"column":4},"end":{"line":127,"column":5}},"43":{"start":{"line":118,"column":6},"end":{"line":123,"column":7}},"44":{"start":{"line":119,"column":8},"end":{"line":120,"column":38}},"45":{"start":{"line":120,"column":10},"end":{"line":120,"column":38}},"46":{"start":{"line":122,"column":8},"end":{"line":122,"column":20}},"47":{"start":{"line":125,"column":6},"end":{"line":125,"column":21}},"48":{"start":{"line":126,"column":6},"end":{"line":126,"column":23}},"49":{"start":{"line":129,"column":4},"end":{"line":129,"column":51}},"50":{"start":{"line":130,"column":4},"end":{"line":140,"column":5}},"51":{"start":{"line":131,"column":6},"end":{"line":132,"column":56}},"52":{"start":{"line":132,"column":8},"end":{"line":132,"column":56}},"53":{"start":{"line":134,"column":6},"end":{"line":135,"column":58}},"54":{"start":{"line":135,"column":8},"end":{"line":135,"column":58}},"55":{"start":{"line":137,"column":6},"end":{"line":137,"column":73}},"56":{"start":{"line":138,"column":6},"end":{"line":138,"column":73}},"57":{"start":{"line":139,"column":6},"end":{"line":139,"column":81}},"58":{"start":{"line":142,"column":4},"end":{"line":142,"column":39}},"59":{"start":{"line":144,"column":4},"end":{"line":144,"column":40}},"60":{"start":{"line":146,"column":4},"end":{"line":146,"column":52}},"61":{"start":{"line":147,"column":4},"end":{"line":220,"column":5}},"62":{"start":{"line":148,"column":6},"end":{"line":148,"column":26}},"63":{"start":{"line":151,"column":6},"end":{"line":151,"column":46}},"64":{"start":{"line":153,"column":6},"end":{"line":170,"column":7}},"65":{"start":{"line":154,"column":8},"end":{"line":169,"column":9}},"66":{"start":{"line":155,"column":10},"end":{"line":155,"column":32}},"67":{"start":{"line":157,"column":10},"end":{"line":161,"column":11}},"68":{"start":{"line":158,"column":12},"end":{"line":158,"column":39}},"69":{"start":{"line":160,"column":12},"end":{"line":160,"column":28}},"70":{"start":{"line":163,"column":10},"end":{"line":163,"column":57}},"71":{"start":{"line":164,"column":10},"end":{"line":164,"column":21}},"72":{"start":{"line":167,"column":10},"end":{"line":168,"column":25}},"73":{"start":{"line":168,"column":12},"end":{"line":168,"column":25}},"74":{"start":{"line":173,"column":6},"end":{"line":174,"column":14}},"75":{"start":{"line":174,"column":8},"end":{"line":174,"column":14}},"76":{"start":{"line":176,"column":6},"end":{"line":176,"column":20}},"77":{"start":{"line":179,"column":6},"end":{"line":179,"column":43}},"78":{"start":{"line":180,"column":6},"end":{"line":180,"column":28}},"79":{"start":{"line":183,"column":6},"end":{"line":194,"column":7}},"80":{"start":{"line":184,"column":8},"end":{"line":184,"column":44}},"81":{"start":{"line":185,"column":8},"end":{"line":185,"column":31}},"82":{"start":{"line":186,"column":8},"end":{"line":186,"column":40}},"83":{"start":{"line":187,"column":13},"end":{"line":194,"column":7}},"84":{"start":{"line":188,"column":8},"end":{"line":188,"column":50}},"85":{"start":{"line":189,"column":8},"end":{"line":189,"column":30}},"86":{"start":{"line":190,"column":8},"end":{"line":190,"column":40}},"87":{"start":{"line":191,"column":8},"end":{"line":191,"column":19}},"88":{"start":{"line":193,"column":8},"end":{"line":193,"column":48}},"89":{"start":{"line":197,"column":6},"end":{"line":198,"column":58}},"90":{"start":{"line":198,"column":8},"end":{"line":198,"column":58}},"91":{"start":{"line":200,"column":6},"end":{"line":200,"column":50}},"92":{"start":{"line":201,"column":6},"end":{"line":201,"column":25}},"93":{"start":{"line":203,"column":6},"end":{"line":219,"column":7}},"94":{"start":{"line":204,"column":8},"end":{"line":204,"column":29}},"95":{"start":{"line":205,"column":13},"end":{"line":219,"column":7}},"96":{"start":{"line":207,"column":8},"end":{"line":207,"column":37}},"97":{"start":{"line":209,"column":8},"end":{"line":210,"column":74}},"98":{"start":{"line":210,"column":10},"end":{"line":210,"column":74}},"99":{"start":{"line":212,"column":8},"end":{"line":213,"column":83}},"100":{"start":{"line":213,"column":10},"end":{"line":213,"column":83}},"101":{"start":{"line":214,"column":13},"end":{"line":219,"column":7}},"102":{"start":{"line":215,"column":8},"end":{"line":215,"column":24}},"103":{"start":{"line":216,"column":13},"end":{"line":219,"column":7}},"104":{"start":{"line":218,"column":8},"end":{"line":218,"column":27}},"105":{"start":{"line":223,"column":4},"end":{"line":223,"column":33}},"106":{"start":{"line":225,"column":4},"end":{"line":226,"column":85}},"107":{"start":{"line":226,"column":6},"end":{"line":226,"column":85}},"108":{"start":{"line":228,"column":4},"end":{"line":228,"column":44}},"109":{"start":{"line":235,"column":2},"end":{"line":254,"column":3}},"110":{"start":{"line":236,"column":4},"end":{"line":236,"column":28}},"111":{"start":{"line":238,"column":4},"end":{"line":238,"column":25}},"112":{"start":{"line":239,"column":4},"end":{"line":251,"column":5}},"113":{"start":{"line":240,"column":6},"end":{"line":240,"column":24}},"114":{"start":{"line":242,"column":6},"end":{"line":250,"column":7}},"115":{"start":{"line":243,"column":8},"end":{"line":249,"column":9}},"116":{"start":{"line":244,"column":10},"end":{"line":244,"column":35}},"117":{"start":{"line":245,"column":10},"end":{"line":245,"column":34}},"118":{"start":{"line":247,"column":10},"end":{"line":247,"column":37}},"119":{"start":{"line":248,"column":10},"end":{"line":248,"column":28}},"120":{"start":{"line":253,"column":4},"end":{"line":253,"column":26}},"121":{"start":{"line":262,"column":2},"end":{"line":289,"column":3}},"122":{"start":{"line":263,"column":4},"end":{"line":263,"column":26}},"123":{"start":{"line":264,"column":4},"end":{"line":264,"column":33}},"124":{"start":{"line":265,"column":4},"end":{"line":265,"column":22}},"125":{"start":{"line":267,"column":4},"end":{"line":267,"column":23}},"126":{"start":{"line":268,"column":4},"end":{"line":286,"column":5}},"127":{"start":{"line":269,"column":6},"end":{"line":269,"column":24}},"128":{"start":{"line":271,"column":6},"end":{"line":285,"column":7}},"129":{"start":{"line":274,"column":10},"end":{"line":274,"column":32}},"130":{"start":{"line":275,"column":10},"end":{"line":275,"column":31}},"131":{"start":{"line":276,"column":10},"end":{"line":276,"column":36}},"132":{"start":{"line":277,"column":10},"end":{"line":277,"column":16}},"133":{"start":{"line":279,"column":10},"end":{"line":279,"column":35}},"134":{"start":{"line":280,"column":10},"end":{"line":280,"column":32}},"135":{"start":{"line":281,"column":10},"end":{"line":281,"column":92}},"136":{"start":{"line":282,"column":10},"end":{"line":282,"column":16}},"137":{"start":{"line":284,"column":10},"end":{"line":284,"column":32}},"138":{"start":{"line":288,"column":4},"end":{"line":288,"column":24}},"139":{"start":{"line":295,"column":2},"end":{"line":299,"column":3}},"140":{"start":{"line":296,"column":4},"end":{"line":296,"column":25}},"141":{"start":{"line":297,"column":4},"end":{"line":297,"column":23}},"142":{"start":{"line":298,"column":4},"end":{"line":298,"column":17}},"143":{"start":{"line":304,"column":2},"end":{"line":306,"column":4}},"144":{"start":{"line":305,"column":4},"end":{"line":305,"column":28}},"145":{"start":{"line":312,"column":2},"end":{"line":324,"column":4}},"146":{"start":{"line":313,"column":4},"end":{"line":313,"column":36}},"147":{"start":{"line":315,"column":4},"end":{"line":316,"column":16}},"148":{"start":{"line":316,"column":6},"end":{"line":316,"column":16}},"149":{"start":{"line":318,"column":4},"end":{"line":318,"column":26}},"150":{"start":{"line":320,"column":4},"end":{"line":320,"column":51}},"151":{"start":{"line":321,"column":4},"end":{"line":321,"column":30}},"152":{"start":{"line":323,"column":4},"end":{"line":323,"column":18}},"153":{"start":{"line":330,"column":2},"end":{"line":349,"column":4}},"154":{"start":{"line":331,"column":4},"end":{"line":331,"column":44}},"155":{"start":{"line":333,"column":4},"end":{"line":344,"column":5}},"156":{"start":{"line":335,"column":8},"end":{"line":335,"column":26}},"157":{"start":{"line":336,"column":8},"end":{"line":336,"column":23}},"158":{"start":{"line":337,"column":8},"end":{"line":337,"column":14}},"159":{"start":{"line":339,"column":8},"end":{"line":339,"column":19}},"160":{"start":{"line":340,"column":8},"end":{"line":340,"column":14}},"161":{"start":{"line":342,"column":8},"end":{"line":342,"column":46}},"162":{"start":{"line":343,"column":8},"end":{"line":343,"column":47}},"163":{"start":{"line":346,"column":4},"end":{"line":346,"column":29}},"164":{"start":{"line":348,"column":4},"end":{"line":348,"column":17}},"165":{"start":{"line":355,"column":2},"end":{"line":359,"column":3}},"166":{"start":{"line":356,"column":4},"end":{"line":356,"column":21}},"167":{"start":{"line":357,"column":4},"end":{"line":357,"column":36}},"168":{"start":{"line":358,"column":4},"end":{"line":358,"column":32}},"169":{"start":{"line":365,"column":2},"end":{"line":367,"column":4}},"170":{"start":{"line":366,"column":4},"end":{"line":366,"column":35}},"171":{"start":{"line":373,"column":2},"end":{"line":423,"column":4}},"172":{"start":{"line":374,"column":4},"end":{"line":374,"column":27}},"173":{"start":{"line":376,"column":4},"end":{"line":376,"column":14}},"174":{"start":{"line":377,"column":4},"end":{"line":417,"column":5}},"175":{"start":{"line":378,"column":6},"end":{"line":378,"column":26}},"176":{"start":{"line":380,"column":6},"end":{"line":380,"column":58}},"177":{"start":{"line":382,"column":6},"end":{"line":414,"column":7}},"178":{"start":{"line":383,"column":8},"end":{"line":408,"column":9}},"179":{"start":{"line":384,"column":10},"end":{"line":384,"column":31}},"180":{"start":{"line":385,"column":10},"end":{"line":385,"column":34}},"181":{"start":{"line":386,"column":10},"end":{"line":386,"column":20}},"182":{"start":{"line":399,"column":10},"end":{"line":404,"column":11}},"183":{"start":{"line":400,"column":12},"end":{"line":401,"column":59}},"184":{"start":{"line":401,"column":14},"end":{"line":401,"column":59}},"185":{"start":{"line":403,"column":12},"end":{"line":403,"column":42}},"186":{"start":{"line":406,"column":10},"end":{"line":406,"column":37}},"187":{"start":{"line":407,"column":10},"end":{"line":407,"column":54}},"188":{"start":{"line":410,"column":8},"end":{"line":411,"column":16}},"189":{"start":{"line":411,"column":10},"end":{"line":411,"column":16}},"190":{"start":{"line":413,"column":8},"end":{"line":413,"column":33}},"191":{"start":{"line":416,"column":6},"end":{"line":416,"column":26}},"192":{"start":{"line":419,"column":4},"end":{"line":420,"column":36}},"193":{"start":{"line":420,"column":6},"end":{"line":420,"column":36}},"194":{"start":{"line":422,"column":4},"end":{"line":422,"column":17}},"195":{"start":{"line":430,"column":2},"end":{"line":432,"column":3}},"196":{"start":{"line":431,"column":4},"end":{"line":431,"column":20}},"197":{"start":{"line":437,"column":2},"end":{"line":439,"column":4}},"198":{"start":{"line":438,"column":4},"end":{"line":438,"column":20}},"199":{"start":{"line":445,"column":2},"end":{"line":453,"column":4}},"200":{"start":{"line":446,"column":4},"end":{"line":446,"column":27}},"201":{"start":{"line":447,"column":4},"end":{"line":447,"column":33}},"202":{"start":{"line":449,"column":4},"end":{"line":450,"column":63}},"203":{"start":{"line":450,"column":6},"end":{"line":450,"column":63}},"204":{"start":{"line":452,"column":4},"end":{"line":452,"column":18}},"205":{"start":{"line":464,"column":2},"end":{"line":468,"column":4}},"206":{"start":{"line":465,"column":4},"end":{"line":465,"column":38}},"207":{"start":{"line":466,"column":4},"end":{"line":466,"column":71}},"208":{"start":{"line":467,"column":4},"end":{"line":467,"column":66}},"209":{"start":{"line":479,"column":2},"end":{"line":500,"column":4}},"210":{"start":{"line":480,"column":4},"end":{"line":480,"column":20}},"211":{"start":{"line":482,"column":4},"end":{"line":482,"column":29}},"212":{"start":{"line":483,"column":4},"end":{"line":497,"column":5}},"213":{"start":{"line":484,"column":6},"end":{"line":484,"column":24}},"214":{"start":{"line":485,"column":6},"end":{"line":485,"column":24}},"215":{"start":{"line":486,"column":6},"end":{"line":486,"column":24}},"216":{"start":{"line":488,"column":6},"end":{"line":493,"column":63}},"217":{"start":{"line":488,"column":26},"end":{"line":488,"column":97}},"218":{"start":{"line":489,"column":11},"end":{"line":493,"column":63}},"219":{"start":{"line":489,"column":31},"end":{"line":489,"column":103}},"220":{"start":{"line":490,"column":11},"end":{"line":493,"column":63}},"221":{"start":{"line":490,"column":31},"end":{"line":490,"column":102}},"222":{"start":{"line":491,"column":11},"end":{"line":493,"column":63}},"223":{"start":{"line":491,"column":31},"end":{"line":491,"column":75}},"224":{"start":{"line":492,"column":11},"end":{"line":493,"column":63}},"225":{"start":{"line":492,"column":34},"end":{"line":492,"column":76}},"226":{"start":{"line":493,"column":11},"end":{"line":493,"column":63}},"227":{"start":{"line":493,"column":34},"end":{"line":493,"column":63}},"228":{"start":{"line":495,"column":6},"end":{"line":496,"column":24}},"229":{"start":{"line":496,"column":8},"end":{"line":496,"column":24}},"230":{"start":{"line":499,"column":4},"end":{"line":499,"column":18}},"231":{"start":{"line":502,"column":2},"end":{"line":534,"column":4}},"232":{"start":{"line":503,"column":4},"end":{"line":503,"column":20}},"233":{"start":{"line":504,"column":4},"end":{"line":504,"column":20}},"234":{"start":{"line":505,"column":4},"end":{"line":505,"column":41}},"235":{"start":{"line":509,"column":4},"end":{"line":511,"column":5}},"236":{"start":{"line":510,"column":6},"end":{"line":510,"column":54}},"237":{"start":{"line":513,"column":4},"end":{"line":513,"column":23}},"238":{"start":{"line":513,"column":16},"end":{"line":513,"column":23}},"239":{"start":{"line":515,"column":4},"end":{"line":532,"column":5}},"240":{"start":{"line":516,"column":6},"end":{"line":518,"column":7}},"241":{"start":{"line":517,"column":8},"end":{"line":517,"column":98}},"242":{"start":{"line":519,"column":11},"end":{"line":532,"column":5}},"243":{"start":{"line":520,"column":6},"end":{"line":520,"column":93}},"244":{"start":{"line":521,"column":11},"end":{"line":532,"column":5}},"245":{"start":{"line":522,"column":6},"end":{"line":523,"column":90}},"246":{"start":{"line":523,"column":8},"end":{"line":523,"column":90}},"247":{"start":{"line":526,"column":6},"end":{"line":526,"column":94}},"248":{"start":{"line":528,"column":6},"end":{"line":529,"column":24}},"249":{"start":{"line":529,"column":8},"end":{"line":529,"column":24}},"250":{"start":{"line":531,"column":6},"end":{"line":531,"column":81}},"251":{"start":{"line":533,"column":4},"end":{"line":533,"column":18}},"252":{"start":{"line":536,"column":2},"end":{"line":543,"column":4}},"253":{"start":{"line":537,"column":4},"end":{"line":537,"column":41}},"254":{"start":{"line":541,"column":4},"end":{"line":542,"column":78}},"255":{"start":{"line":542,"column":6},"end":{"line":542,"column":78}},"256":{"start":{"line":545,"column":2},"end":{"line":551,"column":4}},"257":{"start":{"line":546,"column":4},"end":{"line":546,"column":26}},"258":{"start":{"line":546,"column":19},"end":{"line":546,"column":26}},"259":{"start":{"line":548,"column":4},"end":{"line":548,"column":79}},"260":{"start":{"line":549,"column":4},"end":{"line":550,"column":76}},"261":{"start":{"line":550,"column":6},"end":{"line":550,"column":76}},"262":{"start":{"line":553,"column":2},"end":{"line":557,"column":4}},"263":{"start":{"line":554,"column":4},"end":{"line":554,"column":41}},"264":{"start":{"line":555,"column":4},"end":{"line":556,"column":19}},"265":{"start":{"line":556,"column":6},"end":{"line":556,"column":19}},"266":{"start":{"line":559,"column":2},"end":{"line":563,"column":4}},"267":{"start":{"line":560,"column":4},"end":{"line":560,"column":41}},"268":{"start":{"line":561,"column":4},"end":{"line":562,"column":36}},"269":{"start":{"line":562,"column":6},"end":{"line":562,"column":36}},"270":{"start":{"line":565,"column":2},"end":{"line":567,"column":4}},"271":{"start":{"line":566,"column":4},"end":{"line":566,"column":20}},"272":{"start":{"line":569,"column":2},"end":{"line":569,"column":32}},"273":{"start":{"line":570,"column":2},"end":{"line":570,"column":29}},"274":{"start":{"line":571,"column":2},"end":{"line":571,"column":33}},"275":{"start":{"line":574,"column":2},"end":{"line":574,"column":35}},"276":{"start":{"line":579,"column":2},"end":{"line":581,"column":4}},"277":{"start":{"line":580,"column":4},"end":{"line":580,"column":38}},"278":{"start":{"line":588,"column":2},"end":{"line":590,"column":4}},"279":{"start":{"line":589,"column":4},"end":{"line":589,"column":47}},"280":{"start":{"line":596,"column":2},"end":{"line":604,"column":4}},"281":{"start":{"line":597,"column":4},"end":{"line":601,"column":5}},"282":{"start":{"line":598,"column":6},"end":{"line":600,"column":84}},"283":{"start":{"line":603,"column":4},"end":{"line":603,"column":58}},"284":{"start":{"line":608,"column":2},"end":{"line":618,"column":4}},"285":{"start":{"line":611,"column":4},"end":{"line":611,"column":59}},"286":{"start":{"line":613,"column":4},"end":{"line":617,"column":5}},"287":{"start":{"line":614,"column":6},"end":{"line":614,"column":19}},"288":{"start":{"line":616,"column":6},"end":{"line":616,"column":20}},"289":{"start":{"line":622,"column":2},"end":{"line":622,"column":31}},"290":{"start":{"line":625,"column":2},"end":{"line":625,"column":29}},"291":{"start":{"line":626,"column":2},"end":{"line":626,"column":29}},"292":{"start":{"line":627,"column":2},"end":{"line":627,"column":27}},"293":{"start":{"line":629,"column":2},"end":{"line":629,"column":18}}},"branchMap":{"1":{"line":9,"type":"if","locations":[{"start":{"line":9,"column":2},"end":{"line":9,"column":2}},{"start":{"line":9,"column":2},"end":{"line":9,"column":2}}]},"2":{"line":9,"type":"binary-expr","locations":[{"start":{"line":9,"column":6},"end":{"line":9,"column":33}},{"start":{"line":9,"column":37},"end":{"line":9,"column":44}},{"start":{"line":9,"column":48},"end":{"line":9,"column":84}}]},"3":{"line":11,"type":"if","locations":[{"start":{"line":11,"column":9},"end":{"line":11,"column":9}},{"start":{"line":11,"column":9},"end":{"line":11,"column":9}}]},"4":{"line":11,"type":"binary-expr","locations":[{"start":{"line":11,"column":13},"end":{"line":11,"column":41}},{"start":{"line":11,"column":45},"end":{"line":11,"column":55}}]},"5":{"line":20,"type":"binary-expr","locations":[{"start":{"line":20,"column":16},"end":{"line":20,"column":29}},{"start":{"line":20,"column":33},"end":{"line":22,"column":3}}]},"6":{"line":33,"type":"cond-expr","locations":[{"start":{"line":33,"column":26},"end":{"line":33,"column":33}},{"start":{"line":33,"column":36},"end":{"line":33,"column":46}}]},"7":{"line":45,"type":"binary-expr","locations":[{"start":{"line":45,"column":11},"end":{"line":45,"column":22}},{"start":{"line":45,"column":26},"end":{"line":45,"column":49}},{"start":{"line":45,"column":54},"end":{"line":45,"column":69}}]},"8":{"line":106,"type":"if","locations":[{"start":{"line":106,"column":4},"end":{"line":106,"column":4}},{"start":{"line":106,"column":4},"end":{"line":106,"column":4}}]},"9":{"line":118,"type":"if","locations":[{"start":{"line":118,"column":6},"end":{"line":118,"column":6}},{"start":{"l
[...]
a symbol this element is \"text\".","   *","   * The second element of a token is its \"value\". For mustache tags this is","   * whatever else was inside the tag besides the opening symbol. For text tokens","   * this is the text itself.","   *","   * The third and fourth elements of the token are the start and end indices,","   * respectively, of the token in the original template.","   *","   * Tokens that are the root node of a subtree contain two more elements: 1) an","   * array of tokens in the subtree and 2) the index in the original template at","   * which the closing tag for that section begins.","   */","  function parseTemplate (template, tags) {","    if (!template)","      return [];","","    var sections = [];     // Stack to hold section tokens","    var tokens = [];       // Buffer to hold the tokens","    var spaces = [];       // Indices of whitespace tokens on the current line","    var hasTag = false;    // Is there a {{tag}} on the current line?","    var nonSpace = false;  // Is there a non-space char on the current line?","","    // Strips all whitespace tokens array for the current line","    // if there was a {{#tag}} on it and otherwise only space.","    function stripSpace () {","      if (hasTag && !nonSpace) {","        while (spaces.length)","          delete tokens[spaces.pop()];","      } else {","        spaces = [];","      }","","      hasTag = false;","      nonSpace = false;","    }","","    var openingTagRe, closingTagRe, closingCurlyRe;","    function compileTags (tagsToCompile) {","      if (typeof tagsToCompile === 'string')","        tagsToCompile = tagsToCompile.split(spaceRe, 2);","","      if (!isArray(tagsToCompile) || tagsToCompile.length !== 2)","        throw new Error('Invalid tags: ' + tagsToCompile);","","      openingTagRe = new RegExp(escapeRegExp(tagsToCompile[0]) + '\\\\s*');","      closingTagRe = new RegExp('\\\\s*' + escapeRegExp(tagsToCompile[1]));","      closingCurlyRe = new RegExp('\\\\s*' + escapeRegExp('}' + tagsToCompile[1]));","    }","","    compileTags(tags || mustache.tags);","","    var scanner = new Scanner(template);","","    var start, type, value, chr, token, openSection;","    while (!scanner.eos()) {","      start = scanner.pos;","","      // Match any text between tags.","      value = scanner.scanUntil(openingTagRe);","","      if (value) {","        for (var i = 0, valueLength = value.length; i < valueLength; ++i) {","          chr = value.charAt(i);","","          if (isWhitespace(chr)) {","            spaces.push(tokens.length);","          } else {","            nonSpace = true;","          }","","          tokens.push([ 'text', chr, start, start + 1 ]);","          start += 1;","","          // Check for whitespace on the current line.","          if (chr === '\\n')","            stripSpace();","        }","      }","","      // Match the opening tag.","      if (!scanner.scan(openingTagRe))","        break;","","      hasTag = true;","","      // Get the tag type.","      type = scanner.scan(tagRe) || 'name';","      scanner.scan(whiteRe);","","      // Get the tag value.","      if (type === '=') {","        value = scanner.scanUntil(equalsRe);","        scanner.scan(equalsRe);","        scanner.scanUntil(closingTagRe);","      } else if (type === '{') {","        value = scanner.scanUntil(closingCurlyRe);","        scanner.scan(curlyRe);","        scanner.scanUntil(closingTagRe);","        type = '&';","      } else {","        value = scanner.scanUntil(closingTagRe);","      }","","      // Match the closing tag.","      if (!scanner.scan(closingTagRe))","        throw new Error('Unclosed tag at ' + scanner.pos);","","      token = [ type, value, start, scanner.pos ];","      tokens.push(token);","","      if (type === '#' || type === '^') {","        sections.push(token);","      } else if (type === '/') {","        // Check section nesting.","        openSection = sections.pop();","","        if (!openSection)","          throw new Error('Unopened section \"' + value + '\" at ' + start);","","        if (openSection[1] !== value)","          throw new Error('Unclosed section \"' + openSection[1] + '\" at ' + start);","      } else if (type === 'name' || type === '{' || type === '&') {","        nonSpace = true;","      } else if (type === '=') {","        // Set the tags for the next time around.","        compileTags(value);","      }","    }","","    // Make sure there are no open sections when we're done.","    openSection = sections.pop();","","    if (openSection)","      throw new Error('Unclosed section \"' + openSection[1] + '\" at ' + scanner.pos);","","    return nestTokens(squashTokens(tokens));","  }","","  /**","   * Combines the values of consecutive text tokens in the given `tokens` array","   * to a single token.","   */","  function squashTokens (tokens) {","    var squashedTokens = [];","","    var token, lastToken;","    for (var i = 0, numTokens = tokens.length; i < numTokens; ++i) {","      token = tokens[i];","","      if (token) {","        if (token[0] === 'text' && lastToken && lastToken[0] === 'text') {","          lastToken[1] += token[1];","          lastToken[3] = token[3];","        } else {","          squashedTokens.push(token);","          lastToken = token;","        }","      }","    }","","    return squashedTokens;","  }","","  /**","   * Forms the given array of `tokens` into a nested tree structure where","   * tokens that represent a section have two additional items: 1) an array of","   * all tokens that appear in that section and 2) the index in the original","   * template that represents the end of that section.","   */","  function nestTokens (tokens) {","    var nestedTokens = [];","    var collector = nestedTokens;","    var sections = [];","","    var token, section;","    for (var i = 0, numTokens = tokens.length; i < numTokens; ++i) {","      token = tokens[i];","","      switch (token[0]) {","        case '#':","        case '^':","          collector.push(token);","          sections.push(token);","          collector = token[4] = [];","          break;","        case '/':","          section = sections.pop();","          section[5] = token[2];","          collector = sections.length > 0 ? sections[sections.length - 1][4] : nestedTokens;","          break;","        default:","          collector.push(token);","      }","    }","","    return nestedTokens;","  }","","  /**","   * A simple string scanner that is used by the template parser to find","   * tokens in template strings.","   */","  function Scanner (string) {","    this.string = string;","    this.tail = string;","    this.pos = 0;","  }","","  /**","   * Returns `true` if the tail is empty (end of string).","   */","  Scanner.prototype.eos = function eos () {","    return this.tail === '';","  };","","  /**","   * Tries to match the given regular expression at the current position.","   * Returns the matched text if it can match, the empty string otherwise.","   */","  Scanner.prototype.scan = function scan (re) {","    var match = this.tail.match(re);","","    if (!match || match.index !== 0)","      return '';","","    var string = match[0];","","    this.tail = this.tail.substring(string.length);","    this.pos += string.length;","","    return string;","  };","","  /**","   * Skips all text until the given regular expression can be matched. Returns","   * the skipped string, which is the entire tail if no match can be made.","   */","  Scanner.prototype.scanUntil = function scanUntil (re) {","    var index = this.tail.search(re), match;","","    switch (index) {","      case -1:","        match = this.tail;","        this.tail = '';","        break;","      case 0:","        match = '';","        break;","      default:","        match = this.tail.substring(0, index);","        this.tail = this.tail.substring(index);","    }","","    this.pos += match.length;","","    return match;","  };","","  /**","   * Represents a rendering context by wrapping a view object and","   * maintaining a reference to the parent context.","   */","  function Context (view, parentContext) {","    this.view = view;","    this.cache = { '.': this.view };","    this.parent = parentContext;","  }","","  /**","   * Creates a new context using the given view with this context","   * as the parent.","   */","  Context.prototype.push = function push (view) {","    return new Context(view, this);","  };","","  /**","   * Returns the value of the given name in this context, traversing","   * up the context hierarchy if the value is absent in this context's view.","   */","  Context.prototype.lookup = function lookup (name) {","    var cache = this.cache;","","    var value;","    if (cache.hasOwnProperty(name)) {","      value = cache[name];","    } else {","      var context = this, names, index, lookupHit = false;","","      while (context) {","        if (name.indexOf('.') > 0) {","          value = context.view;","          names = name.split('.');","          index = 0;","","          /**","           * Using the dot notion path in `name`, we descend through the","           * nested objects.","           *","           * To be certain that the lookup has been successful, we have to","           * check if the last object in the path actually has the property","           * we are looking for. We store the result in `lookupHit`.","           *","           * This is specially necessary for when the value has been set to","           * `undefined` and we want to avoid looking up parent contexts.","           **/","          while (value != null && index < names.length) {","            if (index === names.length - 1)","              lookupHit = hasProperty(value, names[index]);","","            value = value[names[index++]];","          }","        } else {","          value = context.view[name];","          lookupHit = hasProperty(context.view, name);","        }","","        if (lookupHit)","          break;","","        context = context.parent;","      }","","      cache[name] = value;","    }","","    if (isFunction(value))","      value = value.call(this.view);","","    return value;","  };","","  /**","   * A Writer knows how to take a stream of tokens and render them to a","   * string, given a context. It also maintains a cache of templates to","   * avoid the need to parse the same template twice.","   */","  function Writer () {","    this.cache = {};","  }","","  /**","   * Clears all cached templates in this writer.","   */","  Writer.prototype.clearCache = function clearCache () {","    this.cache = {};","  };","","  /**","   * Parses and caches the given `template` and returns the array of tokens","   * that is generated from the parse.","   */","  Writer.prototype.parse = function parse (template, tags) {","    var cache = this.cache;","    var tokens = cache[template];","","    if (tokens == null)","      tokens = cache[template] = parseTemplate(template, tags);","","    return tokens;","  };","","  /**","   * High-level method that is used to render the given `template` with","   * the given `view`.","   *","   * The optional `partials` argument may be an object that contains the","   * names and templates of partials that are used in the template. It may","   * also be a function that is used to load partial templates on the fly","   * that takes a single argument: the name of the partial.","   */","  Writer.prototype.render = function render (template, view, partials) {","    var tokens = this.parse(template);","    var context = (view instanceof Context) ? view : new Context(view);","    return this.renderTokens(tokens, context, partials, template);","  };","","  /**","   * Low-level method that renders the given array of `tokens` using","   * the given `context` and `partials`.","   *","   * Note: The `originalTemplate` is only ever used to extract the portion","   * of the original template that was contained in a higher-order section.","   * If the template doesn't use higher-order sections, this argument may","   * be omitted.","   */","  Writer.prototype.renderTokens = function renderTokens (tokens, context, partials, originalTemplate) {","    var buffer = '';","","    var token, symbol, value;","    for (var i = 0, numTokens = tokens.length; i < numTokens; ++i) {","      value = undefined;","      token = tokens[i];","      symbol = token[0];","","      if (symbol === '#') value = this.renderSection(token, context, partials, originalTemplate);","      else if (symbol === '^') value = this.renderInverted(token, context, partials, originalTemplate);","      else if (symbol === '>') value = this.renderPartial(token, context, partials, originalTemplate);","      else if (symbol === '&') value = this.unescapedValue(token, context);","      else if (symbol === 'name') value = this.escapedValue(token, context);","      else if (symbol === 'text') value = this.rawValue(token);","","      if (value !== undefined)","        buffer += value;","    }","","    return buffer;","  };","","  Writer.prototype.renderSection = function renderSection (token, context, partials, originalTemplate) {","    var self = this;","    var buffer = '';","    var value = context.lookup(token[1]);","","    // This function is used to render an arbitrary template","    // in the current context by higher-order sections.","    function subRender (template) {","      return self.render(template, context, partials);","    }","","    if (!value) return;","","    if (isArray(value)) {","      for (var j = 0, valueLength = value.length; j < valueLength; ++j) {","        buffer += this.renderTokens(token[4], context.push(value[j]), partials, originalTemplate);","      }","    } else if (typeof value === 'object' || typeof value === 'string' || typeof value === 'number') {","      buffer += this.renderTokens(token[4], context.push(value), partials, originalTemplate);","    } else if (isFunction(value)) {","      if (typeof originalTemplate !== 'string')","        throw new Error('Cannot use higher-order sections without the original template');","","      // Extract the portion of the original template that the section contains.","      value = value.call(context.view, originalTemplate.slice(token[3], token[5]), subRender);","","      if (value != null)","        buffer += value;","    } else {","      buffer += this.renderTokens(token[4], context, partials, originalTemplate);","    }","    return buffer;","  };","","  Writer.prototype.renderInverted = function renderInverted (token, context, partials, originalTemplate) {","    var value = context.lookup(token[1]);","","    // Use JavaScript's definition of falsy. Include empty arrays.","    // See https://github.com/janl/mustache.js/issues/186","    if (!value || (isArray(value) && value.length === 0))","      return this.renderTokens(token[4], context, partials, originalTemplate);","  };","","  Writer.prototype.renderPartial = function renderPartial (token, context, partials) {","    if (!partials) return;","","    var value = isFunction(partials) ? partials(token[1]) : partials[token[1]];","    if (value != null)","      return this.renderTokens(this.parse(value), context, partials, value);","  };","","  Writer.prototype.unescapedValue = function unescapedValue (token, context) {","    var value = context.lookup(token[1]);","    if (value != null)","      return value;","  };","","  Writer.prototype.escapedValue = function escapedValue (token, context) {","    var value = context.lookup(token[1]);","    if (value != null)","      return mustache.escape(value);","  };","","  Writer.prototype.rawValue = function rawValue (token) {","    return token[1];","  };","","  mustache.name = 'mustache.js';","  mustache.version = '2.3.0';","  mustache.tags = [ '{{', '}}' ];","","  // All high-level mustache.* functions use this writer.","  var defaultWriter = new Writer();","","  /**","   * Clears all cached templates in the default writer.","   */","  mustache.clearCache = function clearCache () {","    return defaultWriter.clearCache();","  };","","  /**","   * Parses and caches the given template in the default writer and returns the","   * array of tokens it contains. Doing this ahead of time avoids the need to","   * parse templates on the fly as they are rendered.","   */","  mustache.parse = function parse (template, tags) {","    return defaultWriter.parse(template, tags);","  };","","  /**","   * Renders the `template` with the given `view` and `partials` using the","   * default writer.","   */","  mustache.render = function render (template, view, partials) {","    if (typeof template !== 'string') {","      throw new TypeError('Invalid template! Template should be a \"string\" ' +","                          'but \"' + typeStr(template) + '\" was given as the first ' +","                          'argument for mustache#render(template, view, partials)');","    }","","    return defaultWriter.render(template, view, partials);","  };","","  // This is here for backwards compatibility with 0.4.x.,","  /*eslint-disable */ // eslint wants camel cased function name","  mustache.to_html = function to_html (template, view, partials, send) {","    /*eslint-enable*/","","    var result = mustache.render(template, view, partials);","","    if (isFunction(send)) {","      send(result);","    } else {","      return result;","    }","  };","","  // Export the escaping function so that the user may override it.","  // See https://github.com/janl/mustache.js/issues/244","  mustache.escape = escapeHtml;","","  // Export these mainly for testing, but also for advanced usage.","  mustache.Scanner = Scanner;","  mustache.Context = Context;","  mustache.Writer = Writer;","","  return mustache;","}));",""],"l":{"8":1,"9":1,"10":1,"11":0,"12":0,"14":0,"15":0,"19":1,"20":1,"21":0,"24":1,"25":0,"32":1,"33":0,"36":1,"37":0,"44":1,"45":0,"50":1,"51":1,"52":0,"55":1,"56":1,"57":0,"60":1,"71":1,"72":0,"73":0,"77":1,"78":1,"79":1,"80":1,"81":1,"105":1,"106":0,"107":0,"109":0,"110":0,"111":0,"112":0,"113":0,"117":1,"118":0,"119":0,"120":0,"122":0,"125":0,"126":0,"129":0,"130":1,"131":0,"132":0,"134":0,"135":0,"137":0,"138":0,"139":0,"142":0,"144":0,"146":0,"147":0,"148":0,"151":0,"153":0,"154":0,"155":0,"157":0,"158":0,"160":0,"163":0,"164":0,"167":0,"168":0,"173":0,"174":0,"176":0,"179":0,"180":0,"183":0,"184":0,"185":0,"186":0,"187":0,"188":0,"189":0,"190":0,"191":0,"193":0,"197":0,"198":0,"200":0,"201":0,"203":0,"204":0,"205":0,"207":0,"209":0,"210":0,"212":0,"213":0,"214":0,"215":0,"216":0,"218":0,"223":0,"225":0,"226":0,"228":0,"235":1,"236":0,"238":0,"239":0,"240":0,"242":0,"243":0,"244":0,"245":0,"247":0,"248":0,"253":0,"262":1,"263":0,"264":0,"265":0,"267":0,"268":0,"269":0,"271":0,"274":0,"275":0,"276":0,"277":0,"279":0,"280":0,"281":0,"282":0,"284":0,"288":0,"295":1,"296":0,"297":0,"298":0,"304":1,"305":0,"312":1,"313":0,"315":0,"316":0,"318":0,"320":0,"321":0,"323":0,"330":1,"331":0,"333":0,"335":0,"336":0,"337":0,"339":0,"340":0,"342":0,"343":0,"346":0,"348":0,"355":1,"356":0,"357":0,"358":0,"365":1,"366":0,"373":1,"374":0,"376":0,"377":0,"378":0,"380":0,"382":0,"383":0,"384":0,"385":0,"386":0,"399":0,"400":0,"401":0,"403":0,"406":0,"407":0,"410":0,"411":0,"413":0,"416":0,"419":0,"420":0,"422":0,"430":1,"431":1,"437":1,"438":0,"445":1,"446":0,"447":0,"449":0,"450":0,"452":0,"464":1,"465":0,"466":0,"467":0,"479":1,"480":0,"482":0,"483":0,"484":0,"485":0,"486":0,"488":0,"489":0,"490":0,"491":0,"492":0,"493":0,"495":0,"496":0,"499":0,"502":1,"503":0,"504":0,"505":0,"509":1,"510":0,"513":0,"515":0,"516":0,"517":0,"519":0,"520":0,"521":0,"522":0,"523":0,"526":0,"528":0,"529":0,"531":0,"533":0,"536":1,"537":0,"541":0,"542":0,"545":1,"546":0,"548":0,"549":0,"550":0,"553":1,"554":0,"555":0,"556":0,"559":1,"560":0,"561":0,"562":0,"565":1,"566":0,"569":1,"570":1,"571":1,"574":1,"579":1,"580":0,"588":1,"589":0,"596":1,"597":0,"598":0,"603":0,"608":1,"611":0,"613":0,"614":0,"616":0,"622":1,"625":1,"626":1,"627":1,"629":1}}}